This is pdfTeX, Version 3.141592653-2.6-1.40.28 (MiKTeX 25.12) (preloaded format=pdflatex 2026.5.14)  15 MAY 2026 16:21
entering extended mode
 restricted \write18 enabled.
 file:line:error style messages enabled.
 %&-line parsing enabled.
**"c:/Users/ANGEL JFLORES ACOSTA/ReporteResis/main.tex"
(c:/Users/ANGEL JFLORES ACOSTA/ReporteResis/main.tex
LaTeX2e <2025-11-01>
L3 programming layer <2025-12-24>
(C:\Users\ANGEL JFLORES ACOSTA\AppData\Local\Programs\MiKTeX\tex/latex/base\report.cls
Document Class: report 2025/01/22 v1.4n Standard LaTeX document class
(C:\Users\ANGEL JFLORES ACOSTA\AppData\Local\Programs\MiKTeX\tex/latex/base\size12.clo
File: size12.clo 2025/01/22 v1.4n Standard LaTeX file (size option)
)
\c@part=\count275
\c@chapter=\count276
\c@section=\count277
\c@subsection=\count278
\c@subsubsection=\count279
\c@paragraph=\count280
\c@subparagraph=\count281
\c@figure=\count282
\c@table=\count283
\abovecaptionskip=\skip49
\belowcaptionskip=\skip50
\bibindent=\dimen148
) (C:\Users\ANGEL JFLORES ACOSTA\AppData\Local\Programs\MiKTeX\tex/latex/geometry\geometry.sty
Package: geometry 2026/03/07 v6.0 Page Geometry
 (C:\Users\ANGEL JFLORES ACOSTA\AppData\Local\Programs\MiKTeX\tex/latex/graphics\keyval.sty
Package: keyval 2022/05/29 v1.15 key=value parser (DPC)
\KV@toks@=\toks17
) (C:\Users\ANGEL JFLORES ACOSTA\AppData\Local\Programs\MiKTeX\tex/generic/iftex\ifvtex.sty
Package: ifvtex 2019/10/25 v1.7 ifvtex legacy package. Use iftex instead.
 (C:\Users\ANGEL JFLORES ACOSTA\AppData\Local\Programs\MiKTeX\tex/generic/iftex\iftex.sty
Package: iftex 2024/12/12 v1.0g TeX engine tests
))
\Gm@cnth=\count284
\Gm@cntv=\count285
\c@Gm@tempcnt=\count286
\Gm@bindingoffset=\dimen149
\Gm@wd@mp=\dimen150
\Gm@odd@mp=\dimen151
\Gm@even@mp=\dimen152
\Gm@layoutwidth=\dimen153
\Gm@layoutheight=\dimen154
\Gm@layouthoffset=\dimen155
\Gm@layoutvoffset=\dimen156
\Gm@dimlist=\toks18
 (C:\Users\ANGEL JFLORES ACOSTA\AppData\Local\Programs\MiKTeX\tex/latex/geometry\geometry.cfg)) (C:\Users\ANGEL JFLORES ACOSTA\AppData\Local\Programs\MiKTeX\tex/latex/setspace\setspace.sty
Package: setspace 2022/12/04 v6.7b set line spacing
) (C:\Users\ANGEL JFLORES ACOSTA\AppData\Local\Programs\MiKTeX\tex/latex/psnfss\mathptmx.sty
Package: mathptmx 2020/03/25 PSNFSS-v9.3 Times w/ Math, improved (SPQR, WaS) 
LaTeX Font Info:    Redeclaring symbol font `operators' on input line 28.
LaTeX Font Info:    Overwriting symbol font `operators' in version `normal'
(Font)                  OT1/cmr/m/n --> OT1/ztmcm/m/n on input line 28.
LaTeX Font Info:    Overwriting symbol font `operators' in version `bold'
(Font)                  OT1/cmr/bx/n --> OT1/ztmcm/m/n on input line 28.
LaTeX Font Info:    Redeclaring symbol font `letters' on input line 29.
LaTeX Font Info:    Overwriting symbol font `letters' in version `normal'
(Font)                  OML/cmm/m/it --> OML/ztmcm/m/it on input line 29.
LaTeX Font Info:    Overwriting symbol font `letters' in version `bold'
(Font)                  OML/cmm/b/it --> OML/ztmcm/m/it on input line 29.
LaTeX Font Info:    Redeclaring symbol font `symbols' on input line 30.
LaTeX Font Info:    Overwriting symbol font `symbols' in version `normal'
(Font)                  OMS/cmsy/m/n --> OMS/ztmcm/m/n on input line 30.
LaTeX Font Info:    Overwriting symbol font `symbols' in version `bold'
(Font)                  OMS/cmsy/b/n --> OMS/ztmcm/m/n on input line 30.
LaTeX Font Info:    Redeclaring symbol font `largesymbols' on input line 31.
LaTeX Font Info:    Overwriting symbol font `largesymbols' in version `normal'
(Font)                  OMX/cmex/m/n --> OMX/ztmcm/m/n on input line 31.
LaTeX Font Info:    Overwriting symbol font `largesymbols' in version `bold'
(Font)                  OMX/cmex/m/n --> OMX/ztmcm/m/n on input line 31.
\symbold=\mathgroup4
\symitalic=\mathgroup5
LaTeX Font Info:    Redeclaring math alphabet \mathbf on input line 34.
LaTeX Font Info:    Overwriting math alphabet `\mathbf' in version `normal'
(Font)                  OT1/cmr/bx/n --> OT1/ptm/bx/n on input line 34.
LaTeX Font Info:    Overwriting math alphabet `\mathbf' in version `bold'
(Font)                  OT1/cmr/bx/n --> OT1/ptm/bx/n on input line 34.
LaTeX Font Info:    Redeclaring math alphabet \mathit on input line 35.
LaTeX Font Info:    Overwriting math alphabet `\mathit' in version `normal'
(Font)                  OT1/cmr/m/it --> OT1/ptm/m/it on input line 35.
LaTeX Font Info:    Overwriting math alphabet `\mathit' in version `bold'
(Font)                  OT1/cmr/bx/it --> OT1/ptm/m/it on input line 35.
LaTeX Info: Redefining \hbar on input line 50.
) (C:\Users\ANGEL JFLORES ACOSTA\AppData\Local\Programs\MiKTeX\tex/latex/base\fontenc.sty
Package: fontenc 2025/07/18 v2.1d Standard LaTeX package
LaTeX Font Info:    Trying to load font information for T1+ptm on input line 116.
 (C:\Users\ANGEL JFLORES ACOSTA\AppData\Local\Programs\MiKTeX\tex/latex/psnfss\t1ptm.fd
File: t1ptm.fd 2001/06/04 font definitions for T1/ptm.
)) (C:\Users\ANGEL JFLORES ACOSTA\AppData\Local\Programs\MiKTeX\tex/latex/base\inputenc.sty
Package: inputenc 2024/02/08 v1.3d Input encoding file
\inpenc@prehook=\toks19
\inpenc@posthook=\toks20
) (C:\Users\ANGEL JFLORES ACOSTA\AppData\Local\Programs\MiKTeX\tex/generic/babel\babel.sty
Package: babel 2025/12/11 v25.17 The multilingual framework for LuaLaTeX, pdfLaTeX and XeLaTeX
\babel@savecnt=\count287
LaTeX Encoding Info:    Redeclaring text command \ij (encoding OT1) on input line 2068.
LaTeX Encoding Info:    Redeclaring text command \IJ (encoding OT1) on input line 2070.
LaTeX Encoding Info:    Redeclaring text command \ij (encoding T1) on input line 2072.
LaTeX Encoding Info:    Redeclaring text command \IJ (encoding T1) on input line 2073.
LaTeX Encoding Info:    Ignoring declaration for text command \ij (encoding ?) on input line 2074.
LaTeX Encoding Info:    Ignoring declaration for text command \IJ (encoding ?) on input line 2076.
LaTeX Encoding Info:    Ignoring declaration for text command \SS (encoding ?) on input line 2101.
\U@D=\dimen157
\l@unhyphenated=\language79
 (C:\Users\ANGEL JFLORES ACOSTA\AppData\Local\Programs\MiKTeX\tex/generic/babel\txtbabel.def)
\bbl@readstream=\read2
\bbl@dirlevel=\count288
Package babel Info: Configuration files are deprecated, as
(babel)             they can break document portability.
(babel)             Reported on input line 4196.

*************************************
* Local config file bblopts.cfg used
*
(C:\Users\ANGEL JFLORES ACOSTA\AppData\Local\Programs\MiKTeX\tex/latex/arabi\bblopts.cfg
File: bblopts.cfg 2005/09/08 v0.1 add Arabic and Farsi to "declared" options of babel
) (C:\Users\ANGEL JFLORES ACOSTA\AppData\Local\Programs\MiKTeX\tex/generic/babel/locale/es\babel-spanish.tex)
Package babel Info: Importing font and identification data for spanish
(babel)             from babel-es.ini. Reported on input line 4320.
 (C:\Users\ANGEL JFLORES ACOSTA\AppData\Local\Programs\MiKTeX\tex/latex/babel-spanish\spanish.ldf
Language: spanish.ldf 2021/05/27 v5.0q Spanish support from the babel system
\es@quottoks=\toks21
\es@quotdepth=\count289
Package babel Info: Making " an active character on input line 570.
Package babel Info: Making . an active character on input line 675.
Package babel Info: Making < an active character on input line 722.
Package babel Info: Making > an active character on input line 722.
))
LaTeX Encoding Info:    Redeclaring text command \guillemotleft (encoding OT1) on input line 25.
LaTeX Encoding Info:    Redeclaring text command \guillemotright (encoding OT1) on input line 25.
 (C:\Users\ANGEL JFLORES ACOSTA\AppData\Local\Programs\MiKTeX\tex/latex/titlesec\titlesec.sty
Package: titlesec 2025/01/04 v2.17 Sectioning titles
\ttl@box=\box53
\beforetitleunit=\skip51
\aftertitleunit=\skip52
\ttl@plus=\dimen158
\ttl@minus=\dimen159
\ttl@toksa=\toks22
\titlewidth=\dimen160
\titlewidthlast=\dimen161
\titlewidthfirst=\dimen162
) (C:\Users\ANGEL JFLORES ACOSTA\AppData\Local\Programs\MiKTeX\tex/latex/graphics\graphicx.sty
Package: graphicx 2024/12/31 v1.2e Enhanced LaTeX Graphics (DPC,SPQR)
 (C:\Users\ANGEL JFLORES ACOSTA\AppData\Local\Programs\MiKTeX\tex/latex/graphics\graphics.sty
Package: graphics 2024/08/06 v1.4g Standard LaTeX Graphics (DPC,SPQR)
 (C:\Users\ANGEL JFLORES ACOSTA\AppData\Local\Programs\MiKTeX\tex/latex/graphics\trig.sty
Package: trig 2023/12/02 v1.11 sin cos tan (DPC)
) (C:\Users\ANGEL JFLORES ACOSTA\AppData\Local\Programs\MiKTeX\tex/latex/graphics-cfg\graphics.cfg
File: graphics.cfg 2016/06/04 v1.11 sample graphics configuration
)
Package graphics Info: Driver file: pdftex.def on input line 106.
 (C:\Users\ANGEL JFLORES ACOSTA\AppData\Local\Programs\MiKTeX\tex/latex/graphics-def\pdftex.def
File: pdftex.def 2025/09/29 v1.2d Graphics/color driver for pdftex
))
\Gin@req@height=\dimen163
\Gin@req@width=\dimen164
) (C:\Users\ANGEL JFLORES ACOSTA\AppData\Local\Programs\MiKTeX\tex/latex/float\float.sty
Package: float 2001/11/08 v1.3d Float enhancements (AL)
\c@float@type=\count290
\float@exts=\toks23
\float@box=\box54
\@float@everytoks=\toks24
\@floatcapt=\box55
) (C:\Users\ANGEL JFLORES ACOSTA\AppData\Local\Programs\MiKTeX\tex/latex/caption\caption.sty
Package: caption 2023/08/05 v3.6o Customizing captions (AR)
 (C:\Users\ANGEL JFLORES ACOSTA\AppData\Local\Programs\MiKTeX\tex/latex/caption\caption3.sty
Package: caption3 2023/07/31 v2.4d caption3 kernel (AR)
\caption@tempdima=\dimen165
\captionmargin=\dimen166
\caption@leftmargin=\dimen167
\caption@rightmargin=\dimen168
\caption@width=\dimen169
\caption@indent=\dimen170
\caption@parindent=\dimen171
\caption@hangindent=\dimen172
Package caption Info: Standard document class detected.
)
\c@caption@flags=\count291
\c@continuedfloat=\count292
Package caption Info: float package is loaded.
) (C:\Users\ANGEL JFLORES ACOSTA\AppData\Local\Programs\MiKTeX\tex/latex/booktabs\booktabs.sty
Package: booktabs 2020/01/12 v1.61803398 Publication quality tables
\heavyrulewidth=\dimen173
\lightrulewidth=\dimen174
\cmidrulewidth=\dimen175
\belowrulesep=\dimen176
\belowbottomsep=\dimen177
\aboverulesep=\dimen178
\abovetopsep=\dimen179
\cmidrulesep=\dimen180
\cmidrulekern=\dimen181
\defaultaddspace=\dimen182
\@cmidla=\count293
\@cmidlb=\count294
\@aboverulesep=\dimen183
\@belowrulesep=\dimen184
\@thisruleclass=\count295
\@lastruleclass=\count296
\@thisrulewidth=\dimen185
) (C:\Users\ANGEL JFLORES ACOSTA\AppData\Local\Programs\MiKTeX\tex/latex/siunitx\siunitx.sty
Package: siunitx 2026-04-15 v3.5.4 A comprehensive (SI) units package
\l__siunitx_number_uncert_offset_int=\count297
\l__siunitx_number_exponent_fixed_int=\count298
\l__siunitx_number_min_decimal_int=\count299
\l__siunitx_number_min_integer_int=\count300
\l__siunitx_number_round_precision_int=\count301
\l__siunitx_number_lower_threshold_int=\count302
\l__siunitx_number_upper_threshold_int=\count303
\l__siunitx_number_group_first_int=\count304
\l__siunitx_number_group_size_int=\count305
\l__siunitx_number_group_min_int=\count306
\l__siunitx_number_group_minimum_int=\count307
\l__siunitx_compound_count_int=\count308
 (C:\Users\ANGEL JFLORES ACOSTA\AppData\Local\Programs\MiKTeX\tex/latex/translations\translations.sty
Package: translations 2022/02/05 v1.12 internationalization of LaTeX2e packages (CN)
 (C:\Users\ANGEL JFLORES ACOSTA\AppData\Local\Programs\MiKTeX\tex/latex/etoolbox\etoolbox.sty
Package: etoolbox 2025/10/02 v2.5m e-TeX tools for LaTeX (JAW)
\etb@tempcnta=\count309
) (C:\Users\ANGEL JFLORES ACOSTA\AppData\Local\Programs\MiKTeX\tex/generic/pdftexcmds\pdftexcmds.sty
Package: pdftexcmds 2020-06-27 v0.33 Utility functions of pdfTeX for LuaTeX (HO)
 (C:\Users\ANGEL JFLORES ACOSTA\AppData\Local\Programs\MiKTeX\tex/generic/infwarerr\infwarerr.sty
Package: infwarerr 2019/12/03 v1.5 Providing info/warning/error messages (HO)
) (C:\Users\ANGEL JFLORES ACOSTA\AppData\Local\Programs\MiKTeX\tex/generic/ltxcmds\ltxcmds.sty
Package: ltxcmds 2023-12-04 v1.26 LaTeX kernel commands for general use (HO)
)
Package pdftexcmds Info: \pdf@primitive is available.
Package pdftexcmds Info: \pdf@ifprimitive is available.
Package pdftexcmds Info: \pdfdraftmode found.
)) (C:\Users\ANGEL JFLORES ACOSTA\AppData\Local\Programs\MiKTeX\tex/latex/amsmath\amstext.sty
Package: amstext 2024/11/17 v2.01 AMS text
 (C:\Users\ANGEL JFLORES ACOSTA\AppData\Local\Programs\MiKTeX\tex/latex/amsmath\amsgen.sty
File: amsgen.sty 1999/11/30 v2.0 generic functions
\@emptytoks=\toks25
\ex@=\dimen186
))
\l__siunitx_table_tmp_box=\box56
\l__siunitx_table_tmp_dim=\dimen187
\l__siunitx_table_column_width_dim=\dimen188
\l__siunitx_table_integer_box=\box57
\l__siunitx_table_decimal_box=\box58
\l__siunitx_table_uncert_box=\box59
\l__siunitx_table_before_box=\box60
\l__siunitx_table_after_box=\box61
\l__siunitx_table_before_dim=\dimen189
\l__siunitx_table_carry_dim=\dimen190
\l__siunitx_unit_tmp_int=\count310
\l__siunitx_unit_position_int=\count311
\l__siunitx_unit_total_int=\count312
\l__siunitx_sexagesimal_tmp_dim=\dimen191
\l__siunitx_sexagesimal_marker_box=\box62
\l__siunitx_sexagesimal_unit_box=\box63
 (C:\Users\ANGEL JFLORES ACOSTA\AppData\Local\Programs\MiKTeX\tex/latex/tools\array.sty
Package: array 2025/09/25 v2.6n Tabular extension package (FMi)
\col@sep=\dimen192
\ar@mcellbox=\box64
\extrarowheight=\dimen193
\NC@list=\toks26
\extratabsurround=\skip53
\backup@length=\skip54
\ar@cellbox=\box65
)) (C:\Users\ANGEL JFLORES ACOSTA\AppData\Local\Programs\MiKTeX\tex/latex/biblatex\biblatex.sty
Package: biblatex 2025/07/10 v3.21 programmable bibliographies (PK/MW)
 (C:\Users\ANGEL JFLORES ACOSTA\AppData\Local\Programs\MiKTeX\tex/latex/kvoptions\kvoptions.sty
Package: kvoptions 2022-06-15 v3.15 Key value format for package options (HO)
 (C:\Users\ANGEL JFLORES ACOSTA\AppData\Local\Programs\MiKTeX\tex/latex/kvsetkeys\kvsetkeys.sty
Package: kvsetkeys 2022-10-05 v1.19 Key value parser (HO)
)) (C:\Users\ANGEL JFLORES ACOSTA\AppData\Local\Programs\MiKTeX\tex/latex/logreq\logreq.sty
Package: logreq 2010/08/04 v1.0 xml request logger
\lrq@indent=\count313
 (C:\Users\ANGEL JFLORES ACOSTA\AppData\Local\Programs\MiKTeX\tex/latex/logreq\logreq.def
File: logreq.def 2010/08/04 v1.0 logreq spec v1.0
)) (C:\Users\ANGEL JFLORES ACOSTA\AppData\Local\Programs\MiKTeX\tex/latex/base\ifthen.sty
Package: ifthen 2024/03/16 v1.1e Standard LaTeX ifthen package (DPC)
) (C:\Users\ANGEL JFLORES ACOSTA\AppData\Local\Programs\MiKTeX\tex/latex/url\url.sty
\Urlmuskip=\muskip17
Package: url 2013/09/16  ver 3.4  Verb mode for urls, etc.
)
\c@tabx@nest=\count314
\c@listtotal=\count315
\c@listcount=\count316
\c@liststart=\count317
\c@liststop=\count318
\c@citecount=\count319
\c@citetotal=\count320
\c@multicitecount=\count321
\c@multicitetotal=\count322
\c@instcount=\count323
\c@maxnames=\count324
\c@minnames=\count325
\c@maxitems=\count326
\c@minitems=\count327
\c@citecounter=\count328
\c@maxcitecounter=\count329
\c@savedcitecounter=\count330
\c@uniquelist=\count331
\c@uniquename=\count332
\c@refsection=\count333
\c@refsegment=\count334
\c@maxextratitle=\count335
\c@maxextratitleyear=\count336
\c@maxextraname=\count337
\c@maxextradate=\count338
\c@maxextraalpha=\count339
\c@abbrvpenalty=\count340
\c@highnamepenalty=\count341
\c@lownamepenalty=\count342
\c@maxparens=\count343
\c@parenlevel=\count344
\blx@tempcnta=\count345
\blx@tempcntb=\count346
\blx@tempcntc=\count347
\c@blx@maxsection=\count348
\blx@maxsegment@0=\count349
\blx@notetype=\count350
\blx@parenlevel@text=\count351
\blx@parenlevel@foot=\count352
\blx@sectionciteorder@0=\count353
\blx@sectionciteorderinternal@0=\count354
\blx@entrysetcounter=\count355
\blx@biblioinstance=\count356
\labelnumberwidth=\skip55
\labelalphawidth=\skip56
\biblabelsep=\skip57
\bibitemsep=\skip58
\bibnamesep=\skip59
\bibinitsep=\skip60
\bibparsep=\skip61
\bibhang=\skip62
\blx@bcfin=\read3
\blx@bcfout=\write3
\blx@langwohyphens=\language80
\c@mincomprange=\count357
\c@maxcomprange=\count358
\c@mincompwidth=\count359
Package biblatex Info: Trying to load biblatex default data model...
Package biblatex Info: ... file 'blx-dm.def' found.
 (C:\Users\ANGEL JFLORES ACOSTA\AppData\Local\Programs\MiKTeX\tex/latex/biblatex\blx-dm.def
File: blx-dm.def 2025/07/10 v3.21 biblatex datamodel (PK/MW)
)
Package biblatex Info: Trying to load biblatex style data model...
Package biblatex Info: ... file 'apa.dbx' found.
 (C:\Users\ANGEL JFLORES ACOSTA\AppData\Local\Programs\MiKTeX\tex/latex/biblatex-apa\apa.dbx
File: apa.dbx 2025/08/27 v9.20 APA biblatex style data model
)
Package biblatex Info: Trying to load biblatex custom data model...
Package biblatex Info: ... file 'biblatex-dm.cfg' not found.
\c@afterword=\count360
\c@savedafterword=\count361
\c@annotator=\count362
\c@savedannotator=\count363
\c@author=\count364
\c@savedauthor=\count365
\c@bookauthor=\count366
\c@savedbookauthor=\count367
\c@commentator=\count368
\c@savedcommentator=\count369
\c@editor=\count370
\c@savededitor=\count371
\c@editora=\count372
\c@savededitora=\count373
\c@editorb=\count374
\c@savededitorb=\count375
\c@editorc=\count376
\c@savededitorc=\count377
\c@foreword=\count378
\c@savedforeword=\count379
\c@holder=\count380
\c@savedholder=\count381
\c@introduction=\count382
\c@savedintroduction=\count383
\c@namea=\count384
\c@savednamea=\count385
\c@nameb=\count386
\c@savednameb=\count387
\c@namec=\count388
\c@savednamec=\count389
\c@translator=\count390
\c@savedtranslator=\count391
\c@shortauthor=\count392
\c@savedshortauthor=\count393
\c@shorteditor=\count394
\c@savedshorteditor=\count395
\c@narrator=\count396
\c@savednarrator=\count397
\c@execproducer=\count398
\c@savedexecproducer=\count399
\c@execdirector=\count400
\c@savedexecdirector=\count401
\c@with=\count402
\c@savedwith=\count403
\c@labelname=\count404
\c@savedlabelname=\count405
\c@institution=\count406
\c@savedinstitution=\count407
\c@lista=\count408
\c@savedlista=\count409
\c@listb=\count410
\c@savedlistb=\count411
\c@listc=\count412
\c@savedlistc=\count413
\c@listd=\count414
\c@savedlistd=\count415
\c@liste=\count416
\c@savedliste=\count417
\c@listf=\count418
\c@savedlistf=\count419
\c@location=\count420
\c@savedlocation=\count421
\c@organization=\count422
\c@savedorganization=\count423
\c@origlocation=\count424
\c@savedoriglocation=\count425
\c@origpublisher=\count426
\c@savedorigpublisher=\count427
\c@publisher=\count428
\c@savedpublisher=\count429
\c@language=\count430
\c@savedlanguage=\count431
\c@origlanguage=\count432
\c@savedoriglanguage=\count433
\c@citation=\count434
\c@savedcitation=\count435
\c@pageref=\count436
\c@savedpageref=\count437
\shorthandwidth=\skip63
\shortjournalwidth=\skip64
\shortserieswidth=\skip65
\shorttitlewidth=\skip66
\shortauthorwidth=\skip67
\shorteditorwidth=\skip68
\locallabelnumberwidth=\skip69
\locallabelalphawidth=\skip70
\localshorthandwidth=\skip71
\localshortjournalwidth=\skip72
\localshortserieswidth=\skip73
\localshorttitlewidth=\skip74
\localshortauthorwidth=\skip75
\localshorteditorwidth=\skip76
Package biblatex Info: Trying to load compatibility code...
Package biblatex Info: ... file 'blx-compat.def' found.
 (C:\Users\ANGEL JFLORES ACOSTA\AppData\Local\Programs\MiKTeX\tex/latex/biblatex\blx-compat.def
File: blx-compat.def 2025/07/10 v3.21 biblatex compatibility (PK/MW)
)
Package biblatex Info: Trying to load generic definitions...
Package biblatex Info: ... file 'biblatex.def' found.
 (C:\Users\ANGEL JFLORES ACOSTA\AppData\Local\Programs\MiKTeX\tex/latex/biblatex\biblatex.def
File: biblatex.def 2025/07/10 v3.21 biblatex compatibility (PK/MW)
\c@textcitecount=\count438
\c@textcitetotal=\count439
\c@textcitemaxnames=\count440
\c@biburlbigbreakpenalty=\count441
\c@biburlbreakpenalty=\count442
\c@biburlnumpenalty=\count443
\c@biburlucpenalty=\count444
\c@biburllcpenalty=\count445
\biburlbigskip=\muskip18
\biburlnumskip=\muskip19
\biburlucskip=\muskip20
\biburllcskip=\muskip21
\c@smartand=\count446
)
Package biblatex Info: Trying to load bibliography style 'apa'...
Package biblatex Info: ... file 'apa.bbx' found.
 (C:\Users\ANGEL JFLORES ACOSTA\AppData\Local\Programs\MiKTeX\tex/latex/biblatex-apa\apa.bbx
File: apa.bbx 2025/08/27 v9.20 APA biblatex references style
Package biblatex Info: Trying to load bibliography style 'standard'...
Package biblatex Info: ... file 'standard.bbx' found.
 (C:\Users\ANGEL JFLORES ACOSTA\AppData\Local\Programs\MiKTeX\tex/latex/biblatex/bbx\standard.bbx
File: standard.bbx 2025/07/10 v3.21 biblatex bibliography style (PK/MW)
\c@bbx:relatedcount=\count447
\c@bbx:relatedtotal=\count448
)
Package biblatex Info: Delimiter 'nameyeardelim' in context 'bib' already defined, overwriting.
Package biblatex Info: Delimiter 'nameyeardelim' in context 'biblist' already defined, overwriting.
Package biblatex Info: Delimiter 'nonameyeardelim' in context 'bib' already defined, overwriting.
Package biblatex Info: Delimiter 'nonameyeardelim' in context 'biblist' already defined, overwriting.
)
Package biblatex Info: Trying to load citation style 'apa'...
Package biblatex Info: ... file 'apa.cbx' found.
 (C:\Users\ANGEL JFLORES ACOSTA\AppData\Local\Programs\MiKTeX\tex/latex/biblatex-apa\apa.cbx
File: apa.cbx 2025/08/27 v9.20 APA biblatex citation style
Package biblatex Info: Delimiter 'nameyeardelim' in context '' already defined, overwriting.
Package biblatex Info: Delimiter 'andothersdelim' in context '' already defined, overwriting.
Package biblatex Info: Redefining '\fullcite'.
Package biblatex Info: Redefining '\citeauthor'.
Package biblatex Info: Redefining '\citeyear'.
Package biblatex Info: Redefining '\cite'.
Package biblatex Info: Redefining '\cites'.
Package biblatex Info: Redefining '\parencite'.
Package biblatex Info: Redefining '\parencites'.
Package biblatex Info: Redefining '\footcite'.
Package biblatex Info: Redefining '\footcites'.
Package biblatex Info: Redefining '\footcitetext'.
Package biblatex Info: Redefining '\footcitetexts'.
Package biblatex Info: Redefining '\smartcite'.
Package biblatex Info: Redefining '\smartcites'.
Package biblatex Info: Redefining '\textcite'.
Package biblatex Info: Redefining '\textcites'.
)
Package biblatex Info: Trying to load configuration file...
Package biblatex Info: ... file 'biblatex.cfg' found.
 (C:\Users\ANGEL JFLORES ACOSTA\AppData\Local\Programs\MiKTeX\tex/latex/biblatex\biblatex.cfg
File: biblatex.cfg 
)
Package biblatex Info: Input encoding 'utf8' detected.
Package biblatex Info: Document encoding is UTF8 ....
 (C:\Users\ANGEL JFLORES ACOSTA\AppData\Local\Programs\MiKTeX\tex/latex/l3kernel\expl3.sty
Package: expl3 2025-12-24 L3 programming layer (loader) 
 (C:\Users\ANGEL JFLORES ACOSTA\AppData\Local\Programs\MiKTeX\tex/latex/l3backend\l3backend-pdftex.def
File: l3backend-pdftex.def 2025-10-09 L3 backend support: PDF output (pdfTeX)
\l__color_backend_stack_int=\count449
))
Package biblatex Info: ... and expl3
(biblatex)             2025-12-24 L3 programming layer (loader) 
(biblatex)             is new enough (at least 2020/04/06),
(biblatex)             setting 'casechanger=expl3'.
 (C:\Users\ANGEL JFLORES ACOSTA\AppData\Local\Programs\MiKTeX\tex/latex/biblatex\blx-case-expl3.sty (C:\Users\ANGEL JFLORES ACOSTA\AppData\Local\Programs\MiKTeX\tex/latex/l3packages/xparse\xparse.sty
Package: xparse 2025-10-09 L3 Experimental document command parser
)
Package: blx-case-expl3 2025/07/10 v3.21 expl3 case changing code for biblatex
)) (C:\Users\ANGEL JFLORES ACOSTA\AppData\Local\Programs\MiKTeX\tex/latex/hyperref\hyperref.sty
Package: hyperref 2025-07-12 v7.01o Hypertext links for LaTeX
 (C:\Users\ANGEL JFLORES ACOSTA\AppData\Local\Programs\MiKTeX\tex/generic/kvdefinekeys\kvdefinekeys.sty
Package: kvdefinekeys 2019-12-19 v1.6 Define keys (HO)
) (C:\Users\ANGEL JFLORES ACOSTA\AppData\Local\Programs\MiKTeX\tex/generic/pdfescape\pdfescape.sty
Package: pdfescape 2019/12/09 v1.15 Implements pdfTeX's escape features (HO)
) (C:\Users\ANGEL JFLORES ACOSTA\AppData\Local\Programs\MiKTeX\tex/latex/hycolor\hycolor.sty
Package: hycolor 2020-01-27 v1.10 Color options for hyperref/bookmark (HO)
) (C:\Users\ANGEL JFLORES ACOSTA\AppData\Local\Programs\MiKTeX\tex/latex/hyperref\nameref.sty
Package: nameref 2025-06-21 v2.57 Cross-referencing by name of section
 (C:\Users\ANGEL JFLORES ACOSTA\AppData\Local\Programs\MiKTeX\tex/latex/refcount\refcount.sty
Package: refcount 2019/12/15 v3.6 Data extraction from label references (HO)
) (C:\Users\ANGEL JFLORES ACOSTA\AppData\Local\Programs\MiKTeX\tex/generic/gettitlestring\gettitlestring.sty
Package: gettitlestring 2019/12/15 v1.6 Cleanup title references (HO)
)
\c@section@level=\count450
) (C:\Users\ANGEL JFLORES ACOSTA\AppData\Local\Programs\MiKTeX\tex/generic/stringenc\stringenc.sty
Package: stringenc 2019/11/29 v1.12 Convert strings between diff. encodings (HO)
)
\@linkdim=\dimen194
\Hy@linkcounter=\count451
\Hy@pagecounter=\count452
 (C:\Users\ANGEL JFLORES ACOSTA\AppData\Local\Programs\MiKTeX\tex/latex/hyperref\pd1enc.def
File: pd1enc.def 2025-07-12 v7.01o Hyperref: PDFDocEncoding definition (HO)
Now handling font encoding PD1 ...
... no UTF-8 mapping file for font encoding PD1
) (C:\Users\ANGEL JFLORES ACOSTA\AppData\Local\Programs\MiKTeX\tex/generic/intcalc\intcalc.sty
Package: intcalc 2019/12/15 v1.3 Expandable calculations with integers (HO)
)
\Hy@SavedSpaceFactor=\count453
 (C:\Users\ANGEL JFLORES ACOSTA\AppData\Local\Programs\MiKTeX\tex/latex/hyperref\puenc.def
File: puenc.def 2025-07-12 v7.01o Hyperref: PDF Unicode definition (HO)
Now handling font encoding PU ...
... no UTF-8 mapping file for font encoding PU
)
Package hyperref Info: Hyper figures OFF on input line 4195.
Package hyperref Info: Link nesting OFF on input line 4200.
Package hyperref Info: Hyper index ON on input line 4203.
Package hyperref Info: Plain pages OFF on input line 4210.
Package hyperref Info: Backreferencing OFF on input line 4215.
Package hyperref Info: Implicit mode ON; LaTeX internals redefined.
Package hyperref Info: Bookmarks ON on input line 4462.
\c@Hy@tempcnt=\count454
LaTeX Info: Redefining \url on input line 4801.
\XeTeXLinkMargin=\dimen195
 (C:\Users\ANGEL JFLORES ACOSTA\AppData\Local\Programs\MiKTeX\tex/generic/bitset\bitset.sty
Package: bitset 2019/12/09 v1.3 Handle bit-vector datatype (HO)
 (C:\Users\ANGEL JFLORES ACOSTA\AppData\Local\Programs\MiKTeX\tex/generic/bigintcalc\bigintcalc.sty
Package: bigintcalc 2019/12/15 v1.5 Expandable calculations on big integers (HO)
))
\Fld@menulength=\count455
\Field@Width=\dimen196
\Fld@charsize=\dimen197
Package hyperref Info: Hyper figures OFF on input line 6078.
Package hyperref Info: Link nesting OFF on input line 6083.
Package hyperref Info: Hyper index ON on input line 6086.
Package hyperref Info: backreferencing OFF on input line 6093.
Package hyperref Info: Link coloring OFF on input line 6098.
Package hyperref Info: Link coloring with OCG OFF on input line 6103.
Package hyperref Info: PDF/A mode OFF on input line 6108.
\Hy@abspage=\count456
\c@Item=\count457
\c@Hfootnote=\count458
)
Package hyperref Info: Driver (autodetected): hpdftex.
 (C:\Users\ANGEL JFLORES ACOSTA\AppData\Local\Programs\MiKTeX\tex/latex/hyperref\hpdftex.def
File: hpdftex.def 2025-07-12 v7.01o Hyperref driver for pdfTeX
\Fld@listcount=\count459
\c@bookmark@seq@number=\count460
 (C:\Users\ANGEL JFLORES ACOSTA\AppData\Local\Programs\MiKTeX\tex/latex/rerunfilecheck\rerunfilecheck.sty
Package: rerunfilecheck 2025-06-21 v1.11 Rerun checks for auxiliary files (HO)
 (C:\Users\ANGEL JFLORES ACOSTA\AppData\Local\Programs\MiKTeX\tex/generic/uniquecounter\uniquecounter.sty
Package: uniquecounter 2019/12/15 v1.4 Provide unlimited unique counter (HO)
)
Package uniquecounter Info: New unique counter `rerunfilecheck' on input line 284.
)
\Hy@SectionHShift=\skip77
)
Package hyperref Info: Option `colorlinks' set `true' on input line 75.
 (C:\Users\ANGEL JFLORES ACOSTA\AppData\Local\Programs\MiKTeX\tex/latex/enumitem\enumitem.sty
Package: enumitem 2025/02/06 v3.11 Customized lists
\labelindent=\skip78
\enit@outerparindent=\dimen198
\enit@toks=\toks27
\enit@inbox=\box66
\enit@count@id=\count461
\enitdp@description=\count462
) (C:\Users\ANGEL JFLORES ACOSTA\AppData\Local\Programs\MiKTeX\tex/latex/amsmath\amsmath.sty
Package: amsmath 2025/07/09 v2.17z AMS math features
\@mathmargin=\skip79

For additional information on amsmath, use the `?' option.
(C:\Users\ANGEL JFLORES ACOSTA\AppData\Local\Programs\MiKTeX\tex/latex/amsmath\amsbsy.sty
Package: amsbsy 1999/11/29 v1.2d Bold Symbols
\pmbraise@=\dimen199
) (C:\Users\ANGEL JFLORES ACOSTA\AppData\Local\Programs\MiKTeX\tex/latex/amsmath\amsopn.sty
Package: amsopn 2022/04/08 v2.04 operator names
)
\inf@bad=\count463
LaTeX Info: Redefining \frac on input line 233.
\uproot@=\count464
\leftroot@=\count465
LaTeX Info: Redefining \overline on input line 398.
LaTeX Info: Redefining \colon on input line 409.
\classnum@=\count466
\DOTSCASE@=\count467
LaTeX Info: Redefining \ldots on input line 495.
LaTeX Info: Redefining \dots on input line 498.
LaTeX Info: Redefining \cdots on input line 619.
\Mathstrutbox@=\box67
\strutbox@=\box68
LaTeX Info: Redefining \big on input line 721.
LaTeX Info: Redefining \Big on input line 722.
LaTeX Info: Redefining \bigg on input line 723.
LaTeX Info: Redefining \Bigg on input line 724.
\big@size=\dimen256
LaTeX Font Info:    Redeclaring font encoding OML on input line 742.
LaTeX Font Info:    Redeclaring font encoding OMS on input line 743.
\macc@depth=\count468
LaTeX Info: Redefining \bmod on input line 904.
LaTeX Info: Redefining \pmod on input line 909.
LaTeX Info: Redefining \smash on input line 939.
LaTeX Info: Redefining \relbar on input line 969.
LaTeX Info: Redefining \Relbar on input line 970.
\c@MaxMatrixCols=\count469
\dotsspace@=\muskip22
\c@parentequation=\count470
\dspbrk@lvl=\count471
\tag@help=\toks28
\row@=\count472
\column@=\count473
\maxfields@=\count474
\andhelp@=\toks29
\eqnshift@=\dimen257
\alignsep@=\dimen258
\tagshift@=\dimen259
\tagwidth@=\dimen260
\totwidth@=\dimen261
\lineht@=\dimen262
\@envbody=\toks30
\multlinegap=\skip80
\multlinetaggap=\skip81
\mathdisplay@stack=\toks31
LaTeX Info: Redefining \[ on input line 2950.
LaTeX Info: Redefining \] on input line 2951.
) (C:\Users\ANGEL JFLORES ACOSTA\AppData\Local\Programs\MiKTeX\tex/latex/amsfonts\amssymb.sty
Package: amssymb 2013/01/14 v3.01 AMS font symbols
 (C:\Users\ANGEL JFLORES ACOSTA\AppData\Local\Programs\MiKTeX\tex/latex/amsfonts\amsfonts.sty
Package: amsfonts 2013/01/14 v3.01 Basic AMSFonts support
\symAMSa=\mathgroup6
\symAMSb=\mathgroup7
LaTeX Font Info:    Overwriting math alphabet `\mathfrak' in version `bold'
(Font)                  U/euf/m/n --> U/euf/b/n on input line 106.
)) (C:\Users\ANGEL JFLORES ACOSTA\AppData\Local\Programs\MiKTeX\tex/latex/listings\listings.sty
\lst@mode=\count475
\lst@gtempboxa=\box69
\lst@token=\toks32
\lst@length=\count476
\lst@currlwidth=\dimen263
\lst@column=\count477
\lst@pos=\count478
\lst@lostspace=\dimen264
\lst@width=\dimen265
\lst@newlines=\count479
\lst@lineno=\count480
\lst@maxwidth=\dimen266
 (C:\Users\ANGEL JFLORES ACOSTA\AppData\Local\Programs\MiKTeX\tex/latex/listings\lstpatch.sty
File: lstpatch.sty 2025/11/14 1.11b (Carsten Heinz)
) (C:\Users\ANGEL JFLORES ACOSTA\AppData\Local\Programs\MiKTeX\tex/latex/listings\lstmisc.sty
File: lstmisc.sty 2025/11/14 1.11b (Carsten Heinz)
\c@lstnumber=\count481
\lst@skipnumbers=\count482
\lst@framebox=\box70
) (C:\Users\ANGEL JFLORES ACOSTA\AppData\Local\Programs\MiKTeX\tex/latex/listings\listings.cfg
File: listings.cfg 2025/11/14 1.11b listings configuration
))
Package: listings 2025/11/14 1.11b (Carsten Heinz)

==> First Aid for listings.sty no longer applied!
    Expected:
        2024/09/23 1.10c (Carsten Heinz)
    but found:
        2025/11/14 1.11b (Carsten Heinz)
    so I'm assuming it got fixed.
(C:\Users\ANGEL JFLORES ACOSTA\AppData\Local\Programs\MiKTeX\tex/latex/xcolor\xcolor.sty
Package: xcolor 2024/09/29 v3.02 LaTeX color extensions (UK)
 (C:\Users\ANGEL JFLORES ACOSTA\AppData\Local\Programs\MiKTeX\tex/latex/graphics-cfg\color.cfg
File: color.cfg 2016/01/02 v1.6 sample color configuration
)
Package xcolor Info: Driver file: pdftex.def on input line 274.
 (C:\Users\ANGEL JFLORES ACOSTA\AppData\Local\Programs\MiKTeX\tex/latex/graphics\mathcolor.ltx)
Package xcolor Info: Model `cmy' substituted by `cmy0' on input line 1349.
Package xcolor Info: Model `hsb' substituted by `rgb' on input line 1353.
Package xcolor Info: Model `RGB' extended on input line 1365.
Package xcolor Info: Model `HTML' substituted by `rgb' on input line 1367.
Package xcolor Info: Model `Hsb' substituted by `hsb' on input line 1368.
Package xcolor Info: Model `tHsb' substituted by `hsb' on input line 1369.
Package xcolor Info: Model `HSB' substituted by `hsb' on input line 1370.
Package xcolor Info: Model `Gray' substituted by `gray' on input line 1371.
Package xcolor Info: Model `wave' substituted by `hsb' on input line 1372.
) (C:\Users\ANGEL JFLORES ACOSTA\AppData\Local\Programs\MiKTeX\tex/latex/appendix\appendix.sty
Package: appendix 2020/02/08 v1.2c extra appendix facilities
\c@@pps=\count483
\c@@ppsavesec=\count484
\c@@ppsaveapp=\count485
) (C:\Users\ANGEL JFLORES ACOSTA\AppData\Local\Programs\MiKTeX\tex/latex/pdfpages\pdfpages.sty
Package: pdfpages 2026/03/30 v0.6h Insert pages of external PDF documents (AM)
 (C:\Users\ANGEL JFLORES ACOSTA\AppData\Local\Programs\MiKTeX\tex/latex/tools\calc.sty
Package: calc 2025/03/01 v4.3b Infix arithmetic (KKT,FJ)
\calc@Acount=\count486
\calc@Bcount=\count487
\calc@Adimen=\dimen267
\calc@Bdimen=\dimen268
\calc@Askip=\skip82
\calc@Bskip=\skip83
LaTeX Info: Redefining \setlength on input line 86.
LaTeX Info: Redefining \addtolength on input line 87.
\calc@Ccount=\count488
\calc@Cskip=\skip84
) (C:\Users\ANGEL JFLORES ACOSTA\AppData\Local\Programs\MiKTeX\tex/latex/eso-pic\eso-pic.sty
Package: eso-pic 2025/12/10 v3.0d eso-pic (RN)
\ESO@tempdima=\dimen269
\ESO@tempdimb=\dimen270
)
\AM@pagewidth=\dimen271
\AM@pageheight=\dimen272
\AM@fboxrule=\dimen273
 (C:\Users\ANGEL JFLORES ACOSTA\AppData\Local\Programs\MiKTeX\tex/latex/pdfpages\pppdftex.def
File: pppdftex.def 2026/03/30 v0.6h Pdfpages driver for pdfTeX (AM)
)
\pdfpages@includegraphics@status=\count489
\AM@pagebox=\box71
\AM@global@opts=\toks33
\AM@pagecnt=\count490
\AM@toc@title=\toks34
\AM@lof@heading=\toks35
\c@AM@survey=\count491
\AM@templatesizebox=\box72
) (C:\Users\ANGEL JFLORES ACOSTA\AppData\Local\Programs\MiKTeX\tex/latex/tocloft\tocloft.sty
Package: tocloft 2017/08/31 v2.3i parameterised ToC, etc., typesetting
Package tocloft Info: The document has chapter divisions on input line 51.
\cftparskip=\skip85
\cftbeforetoctitleskip=\skip86
\cftaftertoctitleskip=\skip87
\cftbeforepartskip=\skip88
\cftpartnumwidth=\skip89
\cftpartindent=\skip90
\cftbeforechapskip=\skip91
\cftchapindent=\skip92
\cftchapnumwidth=\skip93
\cftbeforesecskip=\skip94
\cftsecindent=\skip95
\cftsecnumwidth=\skip96
\cftbeforesubsecskip=\skip97
\cftsubsecindent=\skip98
\cftsubsecnumwidth=\skip99
\cftbeforesubsubsecskip=\skip100
\cftsubsubsecindent=\skip101
\cftsubsubsecnumwidth=\skip102
\cftbeforeparaskip=\skip103
\cftparaindent=\skip104
\cftparanumwidth=\skip105
\cftbeforesubparaskip=\skip106
\cftsubparaindent=\skip107
\cftsubparanumwidth=\skip108
\cftbeforeloftitleskip=\skip109
\cftafterloftitleskip=\skip110
\cftbeforefigskip=\skip111
\cftfigindent=\skip112
\cftfignumwidth=\skip113
\c@lofdepth=\count492
\c@lotdepth=\count493
\cftbeforelottitleskip=\skip114
\cftafterlottitleskip=\skip115
\cftbeforetabskip=\skip116
\cfttabindent=\skip117
\cfttabnumwidth=\skip118
)

Package biblatex Warning: 'babel/polyglossia' detected but 'csquotes' missing.
(biblatex)                Loading 'csquotes' recommended.

\@quotelevel=\count494
\@quotereset=\count495
(main.aux
LaTeX Info: Redefining \. on input line 12.
LaTeX Info: Redefining \% on input line 12.
Package babel Info: 'spanish' activates 'spanish' shorthands.
(babel)             Reported on input line 12.
)
\openout1 = `main.aux'.

LaTeX Font Info:    Checking defaults for OML/cmm/m/it on input line 85.
LaTeX Font Info:    ... okay on input line 85.
LaTeX Font Info:    Checking defaults for OMS/cmsy/m/n on input line 85.
LaTeX Font Info:    ... okay on input line 85.
LaTeX Font Info:    Checking defaults for OT1/cmr/m/n on input line 85.
LaTeX Font Info:    ... okay on input line 85.
LaTeX Font Info:    Checking defaults for T1/cmr/m/n on input line 85.
LaTeX Font Info:    ... okay on input line 85.
LaTeX Font Info:    Checking defaults for TS1/cmr/m/n on input line 85.
LaTeX Font Info:    ... okay on input line 85.
LaTeX Font Info:    Checking defaults for OMX/cmex/m/n on input line 85.
LaTeX Font Info:    ... okay on input line 85.
LaTeX Font Info:    Checking defaults for U/cmr/m/n on input line 85.
LaTeX Font Info:    ... okay on input line 85.
LaTeX Font Info:    Checking defaults for PD1/pdf/m/n on input line 85.
LaTeX Font Info:    ... okay on input line 85.
LaTeX Font Info:    Checking defaults for PU/pdf/m/n on input line 85.
LaTeX Font Info:    ... okay on input line 85.

*geometry* driver: auto-detecting
*geometry* detected driver: pdftex
*geometry* verbose mode - [ preamble ] result:
* driver: pdftex
* paper: letterpaper
* layout: <same size as paper>
* layoutoffset:(h,v)=(0.0pt,0.0pt)
* modes: 
* h-part:(L,W,R)=(85.35826pt, 457.80486pt, 71.13188pt)
* v-part:(T,H,B)=(85.35826pt, 638.47984pt, 71.13188pt)
* \paperwidth=614.295pt
* \paperheight=794.96999pt
* \textwidth=457.80486pt
* \textheight=638.47984pt
* \oddsidemargin=13.08827pt
* \evensidemargin=13.08827pt
* \topmargin=-23.91173pt
* \headheight=12.0pt
* \headsep=25.0pt
* \topskip=12.0pt
* \footskip=30.0pt
* \marginparwidth=44.0pt
* \marginparsep=10.0pt
* \columnsep=10.0pt
* \skip\footins=10.8pt plus 4.0pt minus 2.0pt
* \hoffset=0.0pt
* \voffset=0.0pt
* \mag=1000
* \@twocolumnfalse
* \@twosidefalse
* \@mparswitchfalse
* \@reversemarginfalse
* (1in=72.27pt=25.4mm, 1cm=28.453pt)

LaTeX Info: Redefining \. on input line 85.
LaTeX Info: Redefining \% on input line 85.
(C:\Users\ANGEL JFLORES ACOSTA\AppData\Local\Programs\MiKTeX\tex/context/base/mkii\supp-pdf.mkii
[Loading MPS to PDF converter (version 2006.09.02).]
\scratchcounter=\count496
\scratchdimen=\dimen274
\scratchbox=\box73
\nofMPsegments=\count497
\nofMParguments=\count498
\everyMPshowfont=\toks36
\MPscratchCnt=\count499
\MPscratchDim=\dimen275
\MPnumerator=\count500
\makeMPintoPDFobject=\count501
\everyMPtoPDFconversion=\toks37
) (C:\Users\ANGEL JFLORES ACOSTA\AppData\Local\Programs\MiKTeX\tex/latex/epstopdf-pkg\epstopdf-base.sty
Package: epstopdf-base 2020-01-24 v2.11 Base part for package epstopdf
Package epstopdf-base Info: Redefining graphics rule for `.eps' on input line 485.
 (C:\Users\ANGEL JFLORES ACOSTA\AppData\Local\Programs\MiKTeX\tex/latex/00miktex\epstopdf-sys.cfg
File: epstopdf-sys.cfg 2021/03/18 v2.0 Configuration of epstopdf for MiKTeX
))
Package caption Info: Begin \AtBeginDocument code.
Package caption Info: hyperref package is loaded.
Package caption Info: listings package is loaded.
Package caption Info: End \AtBeginDocument code.
 (C:\Users\ANGEL JFLORES ACOSTA\AppData\Local\Programs\MiKTeX\tex/latex/translations/dicts\translations-basic-dictionary-spanish.trsl
File: translations-basic-dictionary-spanish.trsl (spanish translation file `translations-basic-dictionary')
)
Package translations Info: loading dictionary `translations-basic-dictionary' for `spanish'. on input line 85.
Package biblatex Info: Trying to load language 'spanish' -> 'spanish-apa'...
Package biblatex Info: ... file 'spanish-apa.lbx' found.
 (C:\Users\ANGEL JFLORES ACOSTA\AppData\Local\Programs\MiKTeX\tex/latex/biblatex-apa\spanish-apa.lbx
File: spanish-apa.lbx 2025/08/27 v9.20 APA biblatex localisation
Package biblatex Info: Trying to load language 'spanish'...
Package biblatex Info: ... file 'spanish.lbx' found.
 (C:\Users\ANGEL JFLORES ACOSTA\AppData\Local\Programs\MiKTeX\tex/latex/biblatex/lbx\spanish.lbx
File: spanish.lbx 2025/07/10 v3.21 biblatex localization (PK/MW)
)
Package biblatex Info: Trying to load language 'spanish'...
Package biblatex Info: ... file 'spanish.lbx' found.
 (C:\Users\ANGEL JFLORES ACOSTA\AppData\Local\Programs\MiKTeX\tex/latex/biblatex/lbx\spanish.lbx
File: spanish.lbx 2025/07/10 v3.21 biblatex localization (PK/MW)
))
Package biblatex Info: Input encoding 'utf8' detected.
Package biblatex Info: Automatic encoding selection.
(biblatex)             Assuming data encoding 'utf8'.
\openout3 = `main.bcf'.

Package biblatex Info: Trying to load bibliographic data...
Package biblatex Info: ... file 'main.bbl' found.
 (main.bbl)
Package biblatex Info: Reference section=0 on input line 85.
Package biblatex Info: Reference segment=0 on input line 85.
Package hyperref Info: Link coloring ON on input line 85.
 (main.out) (main.out)
\@outlinefile=\write4
\openout4 = `main.out'.

\c@lstlisting=\count502
 (C:\Users\ANGEL JFLORES ACOSTA\AppData\Local\Programs\MiKTeX\tex/latex/pdflscape\pdflscape.sty
Package: pdflscape 2022-10-27 v0.13 Display of landscape pages in PDF
 (C:\Users\ANGEL JFLORES ACOSTA\AppData\Local\Programs\MiKTeX\tex/latex/pdflscape\pdflscape-nometadata.sty
Package: pdflscape-nometadata 2022-10-28 v0.13 Display of landscape pages in PDF (HO)
 (C:\Users\ANGEL JFLORES ACOSTA\AppData\Local\Programs\MiKTeX\tex/latex/graphics\lscape.sty
Package: lscape 2020/05/28 v3.02 Landscape Pages (DPC)
)
Package pdflscape Info: Auto-detected driver: pdftex on input line 81.
)) (capitulos/portada.tex
<figuras/logo_itv.png, id=211, 1.00375pt x 1.00375pt>
File: figuras/logo_itv.png Graphic file (type png)
<use figuras/logo_itv.png>
Package pdftex.def Info: figuras/logo_itv.png  used on input line 7.
(pdftex.def)             Requested size: 137.34285pt x 137.85628pt.
 [1

{C:/Users/ANGEL JFLORES ACOSTA/AppData/Local/MiKTeX/fonts/map/pdftex/pdftex.map}{C:/Users/ANGEL JFLORES ACOSTA/AppData/Local/Programs/MiKTeX/fonts/enc/dvips/base/8r.enc} <./figuras/logo_itv.png>]) (capitulos/agradecimientos.tex [1]) (capitulos/resumen.tex [2

]) (main.toc
LaTeX Info: Redefining \sptext on input line 1.
LaTeX Info: Redefining \. on input line 1.
LaTeX Info: Redefining \% on input line 1.
LaTeX Font Info:    Trying to load font information for OT1+ztmcm on input line 3.
 (C:\Users\ANGEL JFLORES ACOSTA\AppData\Local\Programs\MiKTeX\tex/latex/psnfss\ot1ztmcm.fd
File: ot1ztmcm.fd 2000/01/03 Fontinst v1.801 font definitions for OT1/ztmcm.
)
LaTeX Font Info:    Trying to load font information for OML+ztmcm on input line 3.
 (C:\Users\ANGEL JFLORES ACOSTA\AppData\Local\Programs\MiKTeX\tex/latex/psnfss\omlztmcm.fd
File: omlztmcm.fd 2000/01/03 Fontinst v1.801 font definitions for OML/ztmcm.
)
LaTeX Font Info:    Trying to load font information for OMS+ztmcm on input line 3.
 (C:\Users\ANGEL JFLORES ACOSTA\AppData\Local\Programs\MiKTeX\tex/latex/psnfss\omsztmcm.fd
File: omsztmcm.fd 2000/01/03 Fontinst v1.801 font definitions for OMS/ztmcm.
)
LaTeX Font Info:    Trying to load font information for OMX+ztmcm on input line 3.
 (C:\Users\ANGEL JFLORES ACOSTA\AppData\Local\Programs\MiKTeX\tex/latex/psnfss\omxztmcm.fd
File: omxztmcm.fd 2000/01/03 Fontinst v1.801 font definitions for OMX/ztmcm.
)
LaTeX Font Info:    Trying to load font information for OT1+ptm on input line 3.
 (C:\Users\ANGEL JFLORES ACOSTA\AppData\Local\Programs\MiKTeX\tex/latex/psnfss\ot1ptm.fd
File: ot1ptm.fd 2001/06/04 font definitions for OT1/ptm.
)
LaTeX Font Info:    Font shape `OT1/ptm/bx/n' in size <12> not available
(Font)              Font shape `OT1/ptm/b/n' tried instead on input line 3.
LaTeX Font Info:    Font shape `OT1/ptm/bx/n' in size <9> not available
(Font)              Font shape `OT1/ptm/b/n' tried instead on input line 3.
LaTeX Font Info:    Font shape `OT1/ptm/bx/n' in size <7> not available
(Font)              Font shape `OT1/ptm/b/n' tried instead on input line 3.
 [3

] [4])
\tf@toc=\write5
\openout5 = `main.toc'.

 (main.lof
LaTeX Info: Redefining \sptext on input line 1.
LaTeX Info: Redefining \. on input line 1.
LaTeX Info: Redefining \% on input line 1.
 [5])
\tf@lof=\write6
\openout6 = `main.lof'.

 (main.lot
LaTeX Info: Redefining \sptext on input line 1.
LaTeX Info: Redefining \. on input line 1.
LaTeX Info: Redefining \% on input line 1.
)
\tf@lot=\write7
\openout7 = `main.lot'.

 [6]
Cap\'{\i }tulo 1.
(capitulos/introduccion.tex) [1


]
Cap\'{\i }tulo 2.
(capitulos/descripcion_empresa.tex) [2

]
Cap\'{\i }tulo 3.
(capitulos/problemas.tex) [3

]
Cap\'{\i }tulo 4.
(capitulos/objetivos.tex) [4

]
Cap\'{\i }tulo 5.
(capitulos/justificacion.tex) [5

]
Cap\'{\i }tulo 6.
(capitulos/marco_teorico.tex [6

] [7]
Underfull \hbox (badness 5578) in paragraph at lines 43--44
[]|\T1/ptm/m/n/12 Soportar agre-ga-cio-nes (SUM,
 []


Overfull \hbox (4.98645pt too wide) in paragraph at lines 39--47
 [][] 
 []

[8]
Underfull \hbox (badness 1924) in paragraph at lines 75--75
[]|\T1/ptm/m/n/12 Lenta (re-quie-re trans-for-ma-
 []


Underfull \hbox (badness 2582) in paragraph at lines 77--77
[]|\T1/ptm/m/n/12 Vertical y cos-to-sa (Ven-dor
 []

[9] [10] [11] [12]) [13]
Cap\'{\i }tulo 7.
(capitulos/desarrollo.tex [14

]
<figuras/CreaciĂłn y configuraciĂłn de instancia EC2 en AWS/Inicio de sesiĂłn en la consola de AWS.png, id=450, 769.37437pt x 562.35094pt>
File: figuras/CreaciĂłn y configuraciĂłn de instancia EC2 en AWS/Inicio de sesiĂłn en la consola de AWS.png Graphic file (type png)
<use figuras/CreaciĂłn y configuraciĂłn de instancia EC2 en AWS/Inicio de sesiĂłn en la consola de AWS.png>
Package pdftex.def Info: figuras/CreaciĂłn y configuraciĂłn de instancia EC2 en AWS/Inicio de sesiĂłn en la consola de AWS.png  used on input line 36.
(pdftex.def)             Requested size: 366.24527pt x 267.70296pt.
 [15]
<figuras/CreaciĂłn y configuraciĂłn de instancia EC2 en AWS/BĂşsqueda del servicio EC2 en la consola de AWS.png, id=457, 890.5772pt x 251.43938pt>
File: figuras/CreaciĂłn y configuraciĂłn de instancia EC2 en AWS/BĂşsqueda del servicio EC2 en la consola de AWS.png Graphic file (type png)
<use figuras/CreaciĂłn y configuraciĂłn de instancia EC2 en AWS/BĂşsqueda del servicio EC2 en la consola de AWS.png>
Package pdftex.def Info: figuras/CreaciĂłn y configuraciĂłn de instancia EC2 en AWS/BĂşsqueda del servicio EC2 en la consola de AWS.png  used on input line 45.
(pdftex.def)             Requested size: 366.24527pt x 103.40157pt.
 [16 <./figuras/CreaciĂłn y configuraciĂłn de instancia EC2 en AWS/Inicio de sesiĂłn en la consola de AWS.png> <./figuras/CreaciĂłn y configuraciĂłn de instancia EC2 en AWS/BĂşsqueda del servicio EC2 en la consola de AWS.png>]
<figuras/CreaciĂłn y configuraciĂłn de instancia EC2 en AWS/OpciĂłn para lanzar una nueva instancia.png, id=465, 1114.91531pt x 282.30469pt>
File: figuras/CreaciĂłn y configuraciĂłn de instancia EC2 en AWS/OpciĂłn para lanzar una nueva instancia.png Graphic file (type png)
<use figuras/CreaciĂłn y configuraciĂłn de instancia EC2 en AWS/OpciĂłn para lanzar una nueva instancia.png>
Package pdftex.def Info: figuras/CreaciĂłn y configuraciĂłn de instancia EC2 en AWS/OpciĂłn para lanzar una nueva instancia.png  used on input line 54.
(pdftex.def)             Requested size: 366.24527pt x 92.73438pt.
<figuras/CreaciĂłn y configuraciĂłn de instancia EC2 en AWS/AsignaciĂłn de nombre a la instancia EC2.png, id=467, 860.46469pt x 137.01187pt>
File: figuras/CreaciĂłn y configuraciĂłn de instancia EC2 en AWS/AsignaciĂłn de nombre a la instancia EC2.png Graphic file (type png)
<use figuras/CreaciĂłn y configuraciĂłn de instancia EC2 en AWS/AsignaciĂłn de nombre a la instancia EC2.png>
Package pdftex.def Info: figuras/CreaciĂłn y configuraciĂłn de instancia EC2 en AWS/AsignaciĂłn de nombre a la instancia EC2.png  used on input line 63.
(pdftex.def)             Requested size: 366.24527pt x 58.31812pt.
<figuras/CreaciĂłn y configuraciĂłn de instancia EC2 en AWS/SelecciĂłn de la imagen del sistema operativo Ubuntu.png, id=470, 909.3975pt x 350.81062pt>
File: figuras/CreaciĂłn y configuraciĂłn de instancia EC2 en AWS/SelecciĂłn de la imagen del sistema operativo Ubuntu.png Graphic file (type png)
<use figuras/CreaciĂłn y configuraciĂłn de instancia EC2 en AWS/SelecciĂłn de la imagen del sistema operativo Ubuntu.png>
Package pdftex.def Info: figuras/CreaciĂłn y configuraciĂłn de instancia EC2 en AWS/SelecciĂłn de la imagen del sistema operativo Ubuntu.png  used on input line 72.
(pdftex.def)             Requested size: 366.24527pt x 141.28528pt.
<figuras/CreaciĂłn y configuraciĂłn de instancia EC2 en AWS/SelecciĂłn de la versiĂłn Ubuntu Server 24.04.png, id=471, 925.20656pt x 337.26pt>
File: figuras/CreaciĂłn y configuraciĂłn de instancia EC2 en AWS/SelecciĂłn de la versiĂłn Ubuntu Server 24.04.png Graphic file (type png)
<use figuras/CreaciĂłn y configuraciĂłn de instancia EC2 en AWS/SelecciĂłn de la versiĂłn Ubuntu Server 24.04.png>
Package pdftex.def Info: figuras/CreaciĂłn y configuraciĂłn de instancia EC2 en AWS/SelecciĂłn de la versiĂłn Ubuntu Server 24.04.png  used on input line 79.
(pdftex.def)             Requested size: 366.24527pt x 133.50699pt.
 [17 <./figuras/CreaciĂłn y configuraciĂłn de instancia EC2 en AWS/OpciĂłn para lanzar una nueva instancia.png> <./figuras/CreaciĂłn y configuraciĂłn de instancia EC2 en AWS/AsignaciĂłn de nombre a la instancia EC2.png> <./figuras/CreaciĂłn y configuraciĂłn de instancia EC2 en AWS/SelecciĂłn de la imagen del sistema operativo Ubuntu.png>]
<figuras/CreaciĂłn y configuraciĂłn de instancia EC2 en AWS/SelecciĂłn del tipo de instancia optimizada para memoria.png, id=480, 883.80188pt x 296.60812pt>
File: figuras/CreaciĂłn y configuraciĂłn de instancia EC2 en AWS/SelecciĂłn del tipo de instancia optimizada para memoria.png Graphic file (type png)
<use figuras/CreaciĂłn y configuraciĂłn de instancia EC2 en AWS/SelecciĂłn del tipo de instancia optimizada para memoria.png>
Package pdftex.def Info: figuras/CreaciĂłn y configuraciĂłn de instancia EC2 en AWS/SelecciĂłn del tipo de instancia optimizada para memoria.png  used on input line 88.
(pdftex.def)             Requested size: 366.24527pt x 122.91356pt.
 [18 <./figuras/CreaciĂłn y configuraciĂłn de instancia EC2 en AWS/SelecciĂłn de la versiĂłn Ubuntu Server 24.04.png> <./figuras/CreaciĂłn y configuraciĂłn de instancia EC2 en AWS/SelecciĂłn del tipo de instancia optimizada para memoria.png>]
<figuras/CreaciĂłn y configuraciĂłn de instancia EC2 en AWS/CreaciĂłn del par de claves para conexiĂłn SSH.png, id=490, 571.38469pt x 532.23843pt>
File: figuras/CreaciĂłn y configuraciĂłn de instancia EC2 en AWS/CreaciĂłn del par de claves para conexiĂłn SSH.png Graphic file (type png)
<use figuras/CreaciĂłn y configuraciĂłn de instancia EC2 en AWS/CreaciĂłn del par de claves para conexiĂłn SSH.png>
Package pdftex.def Info: figuras/CreaciĂłn y configuraciĂłn de instancia EC2 en AWS/CreaciĂłn del par de claves para conexiĂłn SSH.png  used on input line 97.
(pdftex.def)             Requested size: 366.24527pt x 341.15118pt.
<figuras/CreaciĂłn y configuraciĂłn de instancia EC2 en AWS/EdiciĂłn de las configuraciones de red.png, id=493, 911.65594pt x 292.84406pt>
File: figuras/CreaciĂłn y configuraciĂłn de instancia EC2 en AWS/EdiciĂłn de las configuraciones de red.png Graphic file (type png)
<use figuras/CreaciĂłn y configuraciĂłn de instancia EC2 en AWS/EdiciĂłn de las configuraciones de red.png>
Package pdftex.def Info: figuras/CreaciĂłn y configuraciĂłn de instancia EC2 en AWS/EdiciĂłn de las configuraciones de red.png  used on input line 106.
(pdftex.def)             Requested size: 366.24527pt x 117.64941pt.
 [19 <./figuras/CreaciĂłn y configuraciĂłn de instancia EC2 en AWS/CreaciĂłn del par de claves para conexiĂłn SSH.png>]
<figuras/CreaciĂłn y configuraciĂłn de instancia EC2 en AWS/ConfiguraciĂłn avanzada de red (VPC, subred e IP pĂşblica).png, id=499, 602.25pt x 403.5075pt>
File: figuras/CreaciĂłn y configuraciĂłn de instancia EC2 en AWS/ConfiguraciĂłn avanzada de red (VPC, subred e IP pĂşblica).png Graphic file (type png)
<use figuras/CreaciĂłn y configuraciĂłn de instancia EC2 en AWS/ConfiguraciĂłn avanzada de red (VPC, subred e IP pĂşblica).png>
Package pdftex.def Info: figuras/CreaciĂłn y configuraciĂłn de instancia EC2 en AWS/ConfiguraciĂłn avanzada de red (VPC, subred e IP pĂşblica).png  used on input line 113.
(pdftex.def)             Requested size: 366.24527pt x 245.39421pt.
 [20 <./figuras/CreaciĂłn y configuraciĂłn de instancia EC2 en AWS/EdiciĂłn de las configuraciones de red.png> <./figuras/CreaciĂłn y configuraciĂłn de instancia EC2 en AWS/ConfiguraciĂłn avanzada de red (VPC, subred e IP pĂşblica).png>]
<figuras/CreaciĂłn y configuraciĂłn de instancia EC2 en AWS/ConfiguraciĂłn avanzada del volumen de almacenamiento EBS.png, id=507, 907.89188pt x 465.99094pt>
File: figuras/CreaciĂłn y configuraciĂłn de instancia EC2 en AWS/ConfiguraciĂłn avanzada del volumen de almacenamiento EBS.png Graphic file (type png)
<use figuras/CreaciĂłn y configuraciĂłn de instancia EC2 en AWS/ConfiguraciĂłn avanzada del volumen de almacenamiento EBS.png>
Package pdftex.def Info: figuras/CreaciĂłn y configuraciĂłn de instancia EC2 en AWS/ConfiguraciĂłn avanzada del volumen de almacenamiento EBS.png  used on input line 122.
(pdftex.def)             Requested size: 366.24527pt x 187.9787pt.
<figuras/CreaciĂłn y configuraciĂłn de instancia EC2 en AWS/Resumen y lanzamiento de la instancia EC2.png, id=509, 448.67625pt x 509.65407pt>
File: figuras/CreaciĂłn y configuraciĂłn de instancia EC2 en AWS/Resumen y lanzamiento de la instancia EC2.png Graphic file (type png)
<use figuras/CreaciĂłn y configuraciĂłn de instancia EC2 en AWS/Resumen y lanzamiento de la instancia EC2.png>
Package pdftex.def Info: figuras/CreaciĂłn y configuraciĂłn de instancia EC2 en AWS/Resumen y lanzamiento de la instancia EC2.png  used on input line 131.
(pdftex.def)             Requested size: 274.6857pt x 312.02391pt.
 [21 <./figuras/CreaciĂłn y configuraciĂłn de instancia EC2 en AWS/ConfiguraciĂłn avanzada del volumen de almacenamiento EBS.png>] [22 <./figuras/CreaciĂłn y configuraciĂłn de instancia EC2 en AWS/Resumen y lanzamiento de la instancia EC2.png>] (C:\Users\ANGEL JFLORES ACOSTA\AppData\Local\Programs\MiKTeX\tex/latex/listings\lstlang1.sty
File: lstlang1.sty 2025/11/14 1.11b listings language file
) (C:\Users\ANGEL JFLORES ACOSTA\AppData\Local\Programs\MiKTeX\tex/latex/listings\lstlang1.sty
File: lstlang1.sty 2025/11/14 1.11b listings language file
)
LaTeX Font Info:    Trying to load font information for TS1+ptm on input line 148.
 (C:\Users\ANGEL JFLORES ACOSTA\AppData\Local\Programs\MiKTeX\tex/latex/psnfss\ts1ptm.fd
File: ts1ptm.fd 2001/06/04 font definitions for TS1/ptm.
) [23] [24] [25] [26]
<figuras/ConfiguraciĂłn de entorno Cloud (Linux)/Pantalla de inicio de sesiĂłn de Apache Airflow.png, id=614, 529.22719pt x 522.45187pt>
File: figuras/ConfiguraciĂłn de entorno Cloud (Linux)/Pantalla de inicio de sesiĂłn de Apache Airflow.png Graphic file (type png)
<use figuras/ConfiguraciĂłn de entorno Cloud (Linux)/Pantalla de inicio de sesiĂłn de Apache Airflow.png>
Package pdftex.def Info: figuras/ConfiguraciĂłn de entorno Cloud (Linux)/Pantalla de inicio de sesiĂłn de Apache Airflow.png  used on input line 250.
(pdftex.def)             Requested size: 366.24527pt x 361.56042pt.
<figuras/ConfiguraciĂłn de entorno Cloud (Linux)/MenĂş principal de la consola de administraciĂłn de Apache Airflow.png, id=616, 1008.76875pt x 684.30656pt>
File: figuras/ConfiguraciĂłn de entorno Cloud (Linux)/MenĂş principal de la consola de administraciĂłn de Apache Airflow.png Graphic file (type png)
<use figuras/ConfiguraciĂłn de entorno Cloud (Linux)/MenĂş principal de la consola de administraciĂłn de Apache Airflow.png>
Package pdftex.def Info: figuras/ConfiguraciĂłn de entorno Cloud (Linux)/MenĂş principal de la consola de administraciĂłn de Apache Airflow.png  used on input line 259.
(pdftex.def)             Requested size: 366.24527pt x 248.44894pt.
 [27 <./figuras/ConfiguraciĂłn de entorno Cloud (Linux)/Pantalla de inicio de sesiĂłn de Apache Airflow.png>]
<figuras/ConfiguraciĂłn de entorno Cloud (Linux)/MenĂş para agregar una nueva conexiĂłn en Apache Airflow.png, id=623, 643.6547pt x 620.3175pt>
File: figuras/ConfiguraciĂłn de entorno Cloud (Linux)/MenĂş para agregar una nueva conexiĂłn en Apache Airflow.png Graphic file (type png)
<use figuras/ConfiguraciĂłn de entorno Cloud (Linux)/MenĂş para agregar una nueva conexiĂłn en Apache Airflow.png>
Package pdftex.def Info: figuras/ConfiguraciĂłn de entorno Cloud (Linux)/MenĂş para agregar una nueva conexiĂłn en Apache Airflow.png  used on input line 274.
(pdftex.def)             Requested size: 366.24527pt x 352.97888pt.
 [28 <./figuras/ConfiguraciĂłn de entorno Cloud (Linux)/MenĂş principal de la consola de administraciĂłn de Apache Airflow.png>] [29 <./figuras/ConfiguraciĂłn de entorno Cloud (Linux)/MenĂş para agregar una nueva conexiĂłn en Apache Airflow.png>]
<figuras/ConfiguraciĂłn de entorno Cloud (Linux)/Vista general de los DAGs disponibles en el sistema.png, id=636, 877.02657pt x 420.06938pt>
File: figuras/ConfiguraciĂłn de entorno Cloud (Linux)/Vista general de los DAGs disponibles en el sistema.png Graphic file (type png)
<use figuras/ConfiguraciĂłn de entorno Cloud (Linux)/Vista general de los DAGs disponibles en el sistema.png>
Package pdftex.def Info: figuras/ConfiguraciĂłn de entorno Cloud (Linux)/Vista general de los DAGs disponibles en el sistema.png  used on input line 294.
(pdftex.def)             Requested size: 366.24527pt x 175.4216pt.
<figuras/ConfiguraciĂłn de entorno Cloud (Linux)/InformaciĂłn general y tareas de un DAG especĂ­fico.png, id=638, 1269.24188pt x 439.6425pt>
File: figuras/ConfiguraciĂłn de entorno Cloud (Linux)/InformaciĂłn general y tareas de un DAG especĂ­fico.png Graphic file (type png)
<use figuras/ConfiguraciĂłn de entorno Cloud (Linux)/InformaciĂłn general y tareas de un DAG especĂ­fico.png>
Package pdftex.def Info: figuras/ConfiguraciĂłn de entorno Cloud (Linux)/InformaciĂłn general y tareas de un DAG especĂ­fico.png  used on input line 307.
(pdftex.def)             Requested size: 366.24527pt x 126.86246pt.
<figuras/ConfiguraciĂłn de entorno Cloud (Linux)/Historial e informaciĂłn de las instancias de ejecuciĂłn del DAG.png, id=640, 269.50688pt x 301.8778pt>
File: figuras/ConfiguraciĂłn de entorno Cloud (Linux)/Historial e informaciĂłn de las instancias de ejecuciĂłn del DAG.png Graphic file (type png)
<use figuras/ConfiguraciĂłn de entorno Cloud (Linux)/Historial e informaciĂłn de las instancias de ejecuciĂłn del DAG.png>
Package pdftex.def Info: figuras/ConfiguraciĂłn de entorno Cloud (Linux)/Historial e informaciĂłn de las instancias de ejecuciĂłn del DAG.png  used on input line 316.
(pdftex.def)             Requested size: 366.24527pt x 410.24435pt.
 [30 <./figuras/ConfiguraciĂłn de entorno Cloud (Linux)/Vista general de los DAGs disponibles en el sistema.png> <./figuras/ConfiguraciĂłn de entorno Cloud (Linux)/InformaciĂłn general y tareas de un DAG especĂ­fico.png>] [31 <./figuras/ConfiguraciĂłn de entorno Cloud (Linux)/Historial e informaciĂłn de las instancias de ejecuciĂłn del DAG.png>]
<figuras/ConfiguraciĂłn de entorno Cloud (Linux)/Vista de calendario con ejecuciones pasadas y futuras del DAG.png, id=656, 475.02469pt x 462.22687pt>
File: figuras/ConfiguraciĂłn de entorno Cloud (Linux)/Vista de calendario con ejecuciones pasadas y futuras del DAG.png Graphic file (type png)
<use figuras/ConfiguraciĂłn de entorno Cloud (Linux)/Vista de calendario con ejecuciones pasadas y futuras del DAG.png>
Package pdftex.def Info: figuras/ConfiguraciĂłn de entorno Cloud (Linux)/Vista de calendario con ejecuciones pasadas y futuras del DAG.png  used on input line 326.
(pdftex.def)             Requested size: 366.24527pt x 356.39539pt.
 [32 <./figuras/ConfiguraciĂłn de entorno Cloud (Linux)/Vista de calendario con ejecuciones pasadas y futuras del DAG.png>]
Overfull \hbox (17.12016pt too wide) in paragraph at lines 339--340
[]\T1/ptm/m/n/12 A con-ti-nua-ción se des-cri-be el pro-ce-so uti-li-zan-do co-mo ejem-plo la in-ges-ta de la ta-bla \T1/cmtt/m/n/12 account_move\T1/ptm/m/n/12 ,
 []

(C:\Users\ANGEL JFLORES ACOSTA\AppData\Local\Programs\MiKTeX\tex/latex/listings\lstlang1.sty
File: lstlang1.sty 2025/11/14 1.11b listings language file
)
Overfull \hbox (28.38837pt too wide) in paragraph at lines 368--369
[]\T1/ptm/m/n/12 La con-sul-ta de ex-trac-ción se en-cuen-tra al-ma-ce-na-da en el di-rec-to-rio \T1/cmtt/m/n/12 sql/bronce/account_move.sql\T1/ptm/m/n/12 .
 []

[33] (C:\Users\ANGEL JFLORES ACOSTA\AppData\Local\Programs\MiKTeX\tex/latex/listings\lstlang1.sty
File: lstlang1.sty 2025/11/14 1.11b listings language file
) [34]
Overfull \hbox (20.79921pt too wide) in paragraph at lines 407--408
[]\T1/ptm/m/n/12 Si el mes no con-tie-ne da-tos, se eli-mi-na el ar-chi-vo CSV y se de-vuel-ve un \T1/ptm/m/it/12 pay-load \T1/ptm/m/n/12 con \T1/cmtt/m/n/12 parquet_path:
 []

[35] [36]
Overfull \hbox (33.62097pt too wide) in paragraph at lines 513--514
[]\T1/ptm/m/n/12 El DAG en-car-ga-do de ini-ciar el pro-ce-so se de-no-mi-na \T1/cmtt/m/n/12 sqlmesh_plan\T1/ptm/m/n/12 . Den-tro de es-te, un \T1/cmtt/m/n/12 BashOperator
 []

[37] [38] [39]
Overfull \hbox (18.33455pt too wide) in paragraph at lines 588--589
[]\T1/ptm/m/n/12 Una vez com-ple-ta-da la ma-te-ria-li-za-ción, las ta-blas del es-que-ma \T1/cmtt/m/n/12 plata \T1/ptm/m/n/12 (co-mo \T1/cmtt/m/n/12 plata.account_move\T1/ptm/m/n/12 ,
 []

LaTeX Font Info:    Font shape `T1/cmtt/bx/n' in size <12> not available
(Font)              Font shape `T1/cmtt/m/n' tried instead on input line 594.
[40]
Overfull \hbox (33.32373pt too wide) in paragraph at lines 607--608
[]\T1/ptm/m/n/12 La gra-nu-la-ri-dad de-cla-ra-da es una fi-la por \T1/cmtt/m/n/12 aml_id\T1/ptm/m/n/12 , que co-rres-pon-de a una lí-nea de \T1/cmtt/m/n/12 account_move_line\T1/ptm/m/n/12 .
 []


Overfull \hbox (6.26587pt too wide) in paragraph at lines 616--617
\T1/ptm/m/n/12 men-te. So-lo se in-clu-yen mo-vi-mien-tos con es-ta-do pu-bli-ca-do (\T1/cmtt/m/n/12 parent_state = 'posted'\T1/ptm/m/n/12 ). 
 []


Overfull \hbox (2.06244pt too wide) in paragraph at lines 624--625
[]\T1/ptm/b/n/12 Clasificación y pi-vo-teo: \T1/ptm/m/n/12 La CTE \T1/cmtt/m/n/12 pivoteada \T1/ptm/m/n/12 se une con la di-men-sión \T1/cmtt/m/n/12 oro.dim_analytic
 []

[41]
Overfull \hbox (19.82928pt too wide) in paragraph at lines 629--630
\T1/cmtt/m/n/12 account_id\T1/ptm/m/n/12 , \T1/cmtt/m/n/12 user_id\T1/ptm/m/n/12 , \T1/cmtt/m/n/12 analytic_account_id\T1/ptm/m/n/12 , \T1/cmtt/m/n/12 former_tag_id\T1/ptm/m/n/12 ), las me-di-das fi-nan-cie-ras (\T1/cmtt/m/n/12 debit\T1/ptm/m/n/12 ,
 []


Overfull \hbox (134.89223pt too wide) in paragraph at lines 638--639
[]\T1/cmtt/m/n/12 oro.dim_analytic\T1/ptm/b/n/12 : \T1/ptm/m/n/12 Se cons-tru-ye des-de \T1/cmtt/m/n/12 plata.account_analytic_account \T1/ptm/m/n/12 y \T1/cmtt/m/n/12 plata.account_analytic_plan\T1/ptm/m/n/12 .
 []

[42]
<figuras/ConfiguraciĂłn de Ec2 para exposiciĂłn de datos/ConfiguraciĂłn de AWS Security Group.png, id=827, 819.8128pt x 314.67563pt>
File: figuras/ConfiguraciĂłn de Ec2 para exposiciĂłn de datos/ConfiguraciĂłn de AWS Security Group.png Graphic file (type png)
<use figuras/ConfiguraciĂłn de Ec2 para exposiciĂłn de datos/ConfiguraciĂłn de AWS Security Group.png>
Package pdftex.def Info: figuras/ConfiguraciĂłn de Ec2 para exposiciĂłn de datos/ConfiguraciĂłn de AWS Security Group.png  used on input line 662.
(pdftex.def)             Requested size: 366.24527pt x 140.57999pt.
<figuras/ConfiguraciĂłn de Ec2 para exposiciĂłn de datos/ConfiguraciĂłn de reglas de entrada del Security Group.png, id=828, 1397.22pt x 493.0922pt>
File: figuras/ConfiguraciĂłn de Ec2 para exposiciĂłn de datos/ConfiguraciĂłn de reglas de entrada del Security Group.png Graphic file (type png)
<use figuras/ConfiguraciĂłn de Ec2 para exposiciĂłn de datos/ConfiguraciĂłn de reglas de entrada del Security Group.png>
Package pdftex.def Info: figuras/ConfiguraciĂłn de Ec2 para exposiciĂłn de datos/ConfiguraciĂłn de reglas de entrada del Security Group.png  used on input line 669.
(pdftex.def)             Requested size: 366.24527pt x 129.24677pt.
 [43 <./figuras/ConfiguraciĂłn de Ec2 para exposiciĂłn de datos/ConfiguraciĂłn de AWS Security Group.png>]
<figuras/ConfiguraciĂłn de Power BI service/Apertura del administrador de orĂ­genes de datos ODBC.png, id=836, 383.93437pt x 239.39438pt>
File: figuras/ConfiguraciĂłn de Power BI service/Apertura del administrador de orĂ­genes de datos ODBC.png Graphic file (type png)
<use figuras/ConfiguraciĂłn de Power BI service/Apertura del administrador de orĂ­genes de datos ODBC.png>
Package pdftex.def Info: figuras/ConfiguraciĂłn de Power BI service/Apertura del administrador de orĂ­genes de datos ODBC.png  used on input line 683.
(pdftex.def)             Requested size: 366.24527pt x 228.3804pt.
 [44 <./figuras/ConfiguraciĂłn de Ec2 para exposiciĂłn de datos/ConfiguraciĂłn de reglas de entrada del Security Group.png>]
<figuras/ConfiguraciĂłn de Power BI service/CreaciĂłn de una nueva conexiĂłn ODBC.png, id=843, 568.37344pt x 384.6872pt>
File: figuras/ConfiguraciĂłn de Power BI service/CreaciĂłn de una nueva conexiĂłn ODBC.png Graphic file (type png)
<use figuras/ConfiguraciĂłn de Power BI service/CreaciĂłn de una nueva conexiĂłn ODBC.png>
Package pdftex.def Info: figuras/ConfiguraciĂłn de Power BI service/CreaciĂłn de una nueva conexiĂłn ODBC.png  used on input line 692.
(pdftex.def)             Requested size: 366.24527pt x 247.88947pt.
<figuras/ConfiguraciĂłn de Power BI service/Ingreso de credenciales de conexiĂłn ODBC.png, id=845, 432.86719pt x 249.93375pt>
File: figuras/ConfiguraciĂłn de Power BI service/Ingreso de credenciales de conexiĂłn ODBC.png Graphic file (type png)
<use figuras/ConfiguraciĂłn de Power BI service/Ingreso de credenciales de conexiĂłn ODBC.png>
Package pdftex.def Info: figuras/ConfiguraciĂłn de Power BI service/Ingreso de credenciales de conexiĂłn ODBC.png  used on input line 701.
(pdftex.def)             Requested size: 366.24527pt x 211.47601pt.
 [45 <./figuras/ConfiguraciĂłn de Power BI service/Apertura del administrador de orĂ­genes de datos ODBC.png> <./figuras/ConfiguraciĂłn de Power BI service/CreaciĂłn de una nueva conexiĂłn ODBC.png>]
<figuras/ConfiguraciĂłn de Power BI service/SelecciĂłn de Obtener datos en Power BI Desktop.png, id=853, 1178.15157pt x 476.53032pt>
File: figuras/ConfiguraciĂłn de Power BI service/SelecciĂłn de Obtener datos en Power BI Desktop.png Graphic file (type png)
<use figuras/ConfiguraciĂłn de Power BI service/SelecciĂłn de Obtener datos en Power BI Desktop.png>
Package pdftex.def Info: figuras/ConfiguraciĂłn de Power BI service/SelecciĂłn de Obtener datos en Power BI Desktop.png  used on input line 710.
(pdftex.def)             Requested size: 366.24527pt x 148.13733pt.
<figuras/ConfiguraciĂłn de Power BI service/SelecciĂłn del conector ODBC en el catĂˇlogo de orĂ­genes.png, id=855, 603.75563pt x 275.52937pt>
File: figuras/ConfiguraciĂłn de Power BI service/SelecciĂłn del conector ODBC en el catĂˇlogo de orĂ­genes.png Graphic file (type png)
<use figuras/ConfiguraciĂłn de Power BI service/SelecciĂłn del conector ODBC en el catĂˇlogo de orĂ­genes.png>
Package pdftex.def Info: figuras/ConfiguraciĂłn de Power BI service/SelecciĂłn del conector ODBC en el catĂˇlogo de orĂ­genes.png  used on input line 719.
(pdftex.def)             Requested size: 366.24527pt x 167.13931pt.
 [46 <./figuras/ConfiguraciĂłn de Power BI service/Ingreso de credenciales de conexiĂłn ODBC.png> <./figuras/ConfiguraciĂłn de Power BI service/SelecciĂłn de Obtener datos en Power BI Desktop.png>]
<figuras/ConfiguraciĂłn de Power BI service/SelecciĂłn de la conexiĂłn ODBC configurada.png, id=863, 679.78969pt x 206.27063pt>
File: figuras/ConfiguraciĂłn de Power BI service/SelecciĂłn de la conexiĂłn ODBC configurada.png Graphic file (type png)
<use figuras/ConfiguraciĂłn de Power BI service/SelecciĂłn de la conexiĂłn ODBC configurada.png>
Package pdftex.def Info: figuras/ConfiguraciĂłn de Power BI service/SelecciĂłn de la conexiĂłn ODBC configurada.png  used on input line 728.
(pdftex.def)             Requested size: 366.24527pt x 111.12953pt.
<figuras/ConfiguraciĂłn de Power BI service/SelecciĂłn de tablas de la Capa Oro para el reporte.png, id=865, 250.68657pt x 432.11438pt>
File: figuras/ConfiguraciĂłn de Power BI service/SelecciĂłn de tablas de la Capa Oro para el reporte.png Graphic file (type png)
<use figuras/ConfiguraciĂłn de Power BI service/SelecciĂłn de tablas de la Capa Oro para el reporte.png>
Package pdftex.def Info: figuras/ConfiguraciĂłn de Power BI service/SelecciĂłn de tablas de la Capa Oro para el reporte.png  used on input line 737.
(pdftex.def)             Requested size: 173.96808pt x 299.88673pt.
 [47 <./figuras/ConfiguraciĂłn de Power BI service/SelecciĂłn del conector ODBC en el catĂˇlogo de orĂ­genes.png> <./figuras/ConfiguraciĂłn de Power BI service/SelecciĂłn de la conexiĂłn ODBC configurada.png>]) [48 <./figuras/ConfiguraciĂłn de Power BI service/SelecciĂłn de tablas de la Capa Oro para el reporte.png>]
Cap\'{\i }tulo 8.
(capitulos/resultados.tex [49

]
<figuras/resultados/Matriz jerĂˇrquica interactiva para consolidaciĂłn de gastos.png, id=886, 712.91344pt x 341.02406pt>
File: figuras/resultados/Matriz jerĂˇrquica interactiva para consolidaciĂłn de gastos.png Graphic file (type png)
<use figuras/resultados/Matriz jerĂˇrquica interactiva para consolidaciĂłn de gastos.png>
Package pdftex.def Info: figuras/resultados/Matriz jerĂˇrquica interactiva para consolidaciĂłn de gastos.png  used on input line 21.
(pdftex.def)             Requested size: 366.24527pt x 175.19484pt.
<figuras/resultados/Panel tabular para validaciĂłn de transacciones.png, id=888, 710.655pt x 205.5178pt>
File: figuras/resultados/Panel tabular para validaciĂłn de transacciones.png Graphic file (type png)
<use figuras/resultados/Panel tabular para validaciĂłn de transacciones.png>
Package pdftex.def Info: figuras/resultados/Panel tabular para validaciĂłn de transacciones.png  used on input line 32.
(pdftex.def)             Requested size: 297.57036pt x 86.0566pt.
 [50 <./figuras/resultados/Matriz jerĂˇrquica interactiva para consolidaciĂłn de gastos.png> <./figuras/resultados/Panel tabular para validaciĂłn de transacciones.png>]
<figuras/resultados/Vista de ConfrontaciĂłn Contable.png, id=896, 840.89156pt x 472.76625pt>
File: figuras/resultados/Vista de ConfrontaciĂłn Contable.png Graphic file (type png)
<use figuras/resultados/Vista de ConfrontaciĂłn Contable.png>
Package pdftex.def Info: figuras/resultados/Vista de ConfrontaciĂłn Contable.png  used on input line 44.
(pdftex.def)             Requested size: 366.24527pt x 205.91135pt.
) [51 <./figuras/resultados/Vista de ConfrontaciĂłn Contable.png>]
Cap\'{\i }tulo 9.
(capitulos/conclusiones.tex [52

] [53]) [54]
Cap\'{\i }tulo 10.
(capitulos/competencias.tex) [55

] [56

]
Ap\'{e}ndice A.
(capitulos/anexos.tex) [57

] (main.aux
LaTeX Info: Redefining \sptext on input line 12.
LaTeX Info: Redefining \. on input line 12.
LaTeX Info: Redefining \% on input line 12.
)
 ***********
LaTeX2e <2025-11-01>
L3 programming layer <2025-12-24>
 ***********
Package rerunfilecheck Info: File `main.out' has not changed.
(rerunfilecheck)             Checksum: 52DA973A8F7A95AD595AE1A0E10A6E41;12481.
Package logreq Info: Writing requests to 'main.run.xml'.
\openout1 = `main.run.xml'.

 ) 
Here is how much of TeX's memory you used:
 30802 strings out of 467871
 608989 string characters out of 5411080
 1604556 words of memory out of 5000000
 58928 multiletter control sequences out of 15000+600000
 671588 words of font info for 94 fonts, out of 8000000 for 9000
 1141 hyphenation exceptions out of 8191
 73i,10n,80p,1201b,3153s stack positions out of 10000i,1000n,20000p,200000b,200000s
 <C:\Users\ANGEL JFLORES ACOSTA\AppData\Local\MiKTeX\fonts/pk/ljfour/jknappen/ec/dpi600\ectt1200.pk><C:/Users/ANGEL JFLORES ACOSTA/AppData/Local/Programs/MiKTeX/fonts/type1/public/amsfonts/cm/cmmi10.pfb><C:/Users/ANGEL JFLORES ACOSTA/AppData/Local/Programs/MiKTeX/fonts/type1/public/amsfonts/cm/cmsy10.pfb><C:/Users/ANGEL JFLORES ACOSTA/AppData/Local/Programs/MiKTeX/fonts/type1/urw/times/utmb8a.pfb><C:/Users/ANGEL JFLORES ACOSTA/AppData/Local/Programs/MiKTeX/fonts/type1/urw/times/utmr8a.pfb><C:/Users/ANGEL JFLORES ACOSTA/AppData/Local/Programs/MiKTeX/fonts/type1/urw/times/utmri8a.pfb>
Output written on main.pdf (64 pages, 2150796 bytes).
PDF statistics:
 1107 PDF objects out of 1200 (max. 8388607)
 368 named destinations out of 1000 (max. 500000)
 577 words of extra memory for PDF output out of 10000 (max. 10000000)

