\BOOKMARK [0][-]{chapter.1}{\376\377\000I\000n\000t\000r\000o\000d\000u\000c\000c\000i\000\363\000n}{}% 1
\BOOKMARK [0][-]{chapter.2}{\376\377\000D\000e\000s\000c\000r\000i\000p\000c\000i\000\363\000n\000\040\000d\000e\000\040\000l\000a\000\040\000e\000m\000p\000r\000e\000s\000a\000\040\000u\000\040\000o\000r\000g\000a\000n\000i\000z\000a\000c\000i\000\363\000n\000\040\000y\000\040\000d\000e\000l\000\040\000p\000u\000e\000s\000t\000o\000\040\000o\000\040\000\341\000r\000e\000a\000\040\000d\000e\000\040\000t\000r\000a\000b\000a\000j\000o\000\040\000d\000e\000l\000\040\000e\000s\000t\000u\000d\000i\000a\000n\000t\000e}{}% 2
\BOOKMARK [1][-]{section.2.1}{\376\377\000G\000e\000n\000e\000r\000a\000l\000i\000d\000a\000d\000e\000s\000\040\000d\000e\000\040\000l\000a\000\040\000e\000m\000p\000r\000e\000s\000a}{chapter.2}% 3
\BOOKMARK [1][-]{section.2.2}{\376\377\000D\000e\000s\000c\000r\000i\000p\000c\000i\000\363\000n\000\040\000d\000e\000l\000\040\000\341\000r\000e\000a\000\040\000d\000e\000\040\000t\000r\000a\000b\000a\000j\000o}{chapter.2}% 4
\BOOKMARK [0][-]{chapter.3}{\376\377\000P\000r\000o\000b\000l\000e\000m\000a\000s\000\040\000a\000\040\000r\000e\000s\000o\000l\000v\000e\000r\000,\000\040\000p\000r\000i\000o\000r\000i\000z\000\341\000n\000d\000o\000l\000o\000s}{}% 5
\BOOKMARK [0][-]{chapter.4}{\376\377\000O\000b\000j\000e\000t\000i\000v\000o\000s}{}% 6
\BOOKMARK [1][-]{section.4.1}{\376\377\000O\000b\000j\000e\000t\000i\000v\000o\000\040\000G\000e\000n\000e\000r\000a\000l}{chapter.4}% 7
\BOOKMARK [1][-]{section.4.2}{\376\377\000O\000b\000j\000e\000t\000i\000v\000o\000s\000\040\000E\000s\000p\000e\000c\000\355\000f\000i\000c\000o\000s}{chapter.4}% 8
\BOOKMARK [0][-]{chapter.5}{\376\377\000J\000u\000s\000t\000i\000f\000i\000c\000a\000c\000i\000\363\000n}{}% 9
\BOOKMARK [0][-]{chapter.6}{\376\377\000M\000a\000r\000c\000o\000\040\000T\000e\000\363\000r\000i\000c\000o}{}% 10
\BOOKMARK [1][-]{section.6.1}{\376\377\000A\000n\000t\000e\000c\000e\000d\000e\000n\000t\000e\000s}{chapter.6}% 11
\BOOKMARK [1][-]{section.6.2}{\376\377\000M\000o\000d\000e\000l\000a\000d\000o\000\040\000D\000i\000m\000e\000n\000s\000i\000o\000n\000a\000l\000:\000\040\000L\000a\000\040\000F\000u\000n\000d\000a\000c\000i\000\363\000n\000\040\000d\000e\000\040\000l\000a\000\040\000A\000n\000a\000l\000\355\000t\000i\000c\000a}{chapter.6}% 12
\BOOKMARK [2][-]{subsection.6.2.1}{\376\377\000E\000l\000\040\000P\000r\000o\000c\000e\000s\000o\000\040\000d\000e\000\040\000D\000i\000s\000e\000\361\000o\000\040\000d\000e\000\040\000C\000u\000a\000t\000r\000o\000\040\000P\000a\000s\000o\000s}{section.6.2}% 13
\BOOKMARK [2][-]{subsection.6.2.2}{\376\377\000E\000s\000t\000r\000u\000c\000t\000u\000r\000a\000s\000\040\000d\000e\000l\000\040\000E\000s\000q\000u\000e\000m\000a}{section.6.2}% 14
\BOOKMARK [1][-]{section.6.3}{\376\377\000D\000e\000\040\000D\000a\000t\000a\000\040\000W\000a\000r\000e\000h\000o\000u\000s\000e\000\040\000a\000\040\000D\000a\000t\000a\000\040\000L\000a\000k\000e\000h\000o\000u\000s\000e\000:\000\040\000U\000n\000\040\000C\000a\000m\000b\000i\000o\000\040\000d\000e\000\040\000P\000a\000r\000a\000d\000i\000g\000m\000a}{chapter.6}% 15
\BOOKMARK [2][-]{subsection.6.3.1}{\376\377\000D\000e\000l\000\040\000D\000a\000t\000a\000\040\000W\000a\000r\000e\000h\000o\000u\000s\000e\000\040\000a\000l\000\040\000D\000a\000t\000a\000\040\000L\000a\000k\000e}{section.6.3}% 16
\BOOKMARK [1][-]{section.6.4}{\376\377\000A\000r\000q\000u\000i\000t\000e\000c\000t\000u\000r\000a\000\040\000M\000e\000d\000a\000l\000l\000i\000o\000n\000:\000\040\000C\000a\000l\000i\000d\000a\000d\000\040\000d\000e\000\040\000D\000a\000t\000o\000s\000\040\000p\000o\000r\000\040\000C\000a\000p\000a\000s}{chapter.6}% 17
\BOOKMARK [2][-]{subsection.6.4.1}{\376\377\000C\000a\000p\000a\000\040\000B\000r\000o\000n\000z\000e\000\040\000\050\000R\000a\000w\000\051}{section.6.4}% 18
\BOOKMARK [2][-]{subsection.6.4.2}{\376\377\000C\000a\000p\000a\000\040\000S\000i\000l\000v\000e\000r\000\040\000\050\000T\000r\000u\000s\000t\000e\000d\000\051}{section.6.4}% 19
\BOOKMARK [2][-]{subsection.6.4.3}{\376\377\000C\000a\000p\000a\000\040\000G\000o\000l\000d\000\040\000\050\000C\000u\000r\000a\000t\000e\000d\000\051}{section.6.4}% 20
\BOOKMARK [1][-]{section.6.5}{\376\377\000I\000n\000g\000e\000n\000i\000e\000r\000\355\000a\000\040\000d\000e\000\040\000P\000i\000p\000e\000l\000i\000n\000e\000s\000\040\000y\000\040\000O\000r\000q\000u\000e\000s\000t\000a\000c\000i\000\363\000n\000\040\000c\000o\000n\000\040\000A\000p\000a\000c\000h\000e\000\040\000A\000i\000r\000f\000l\000o\000w}{chapter.6}% 21
\BOOKMARK [1][-]{section.6.6}{\376\377\000T\000e\000c\000n\000o\000l\000o\000g\000\355\000a\000s\000\040\000d\000e\000\040\000P\000r\000o\000c\000e\000s\000a\000m\000i\000e\000n\000t\000o\000\040\000A\000n\000a\000l\000\355\000t\000i\000c\000o\000:\000\040\000D\000u\000c\000k\000D\000B}{chapter.6}% 22
\BOOKMARK [1][-]{section.6.7}{\376\377\000P\000i\000p\000e\000l\000i\000n\000e\000s\000\040\000D\000e\000c\000l\000a\000r\000a\000t\000i\000v\000o\000s\000\040\000y\000\040\000e\000l\000\040\000R\000o\000l\000\040\000d\000e\000\040\000S\000Q\000L\000M\000e\000s\000h}{chapter.6}% 23
\BOOKMARK [1][-]{section.6.8}{\376\377\000G\000o\000b\000i\000e\000r\000n\000o\000\040\000d\000e\000\040\000D\000a\000t\000o\000s\000:\000\040\000M\000a\000r\000c\000o\000\040\000E\000s\000t\000r\000a\000t\000\351\000g\000i\000c\000o}{chapter.6}% 24
\BOOKMARK [1][-]{section.6.9}{\376\377\000S\000i\000s\000t\000e\000m\000a\000s\000\040\000E\000R\000P\000\040\000y\000\040\000e\000l\000\040\000E\000c\000o\000s\000i\000s\000t\000e\000m\000a\000\040\000O\000d\000o\000o}{chapter.6}% 25
\BOOKMARK [0][-]{chapter.7}{\376\377\000P\000r\000o\000c\000e\000d\000i\000m\000i\000e\000n\000t\000o\000\040\000y\000\040\000d\000e\000s\000c\000r\000i\000p\000c\000i\000\363\000n\000\040\000d\000e\000\040\000l\000a\000s\000\040\000a\000c\000t\000i\000v\000i\000d\000a\000d\000e\000s\000\040\000r\000e\000a\000l\000i\000z\000a\000d\000a\000s}{}% 26
\BOOKMARK [1][-]{section.7.1}{\376\377\000L\000e\000v\000a\000n\000t\000a\000m\000i\000e\000n\000t\000o\000\040\000d\000e\000\040\000r\000e\000q\000u\000e\000r\000i\000m\000i\000e\000n\000t\000o\000s\000\040\000d\000e\000l\000\040\000\341\000r\000e\000a\000\040\000d\000e\000\040\000F\000i\000n\000a\000n\000z\000a\000s}{chapter.7}% 27
\BOOKMARK [2][-]{subsection.7.1.1}{\376\377\000R\000e\000q\000u\000e\000r\000i\000m\000i\000e\000n\000t\000o\000s\000\040\000d\000e\000\040\000I\000n\000f\000o\000r\000m\000a\000c\000i\000\363\000n\000\040\000F\000i\000n\000a\000n\000c\000i\000e\000r\000a\000\040\000y\000\040\000C\000o\000n\000t\000a\000b\000l\000e}{section.7.1}% 28
\BOOKMARK [1][-]{section.7.2}{\376\377\000D\000i\000s\000e\000\361\000o\000\040\000d\000e\000\040\000a\000r\000q\000u\000i\000t\000e\000c\000t\000u\000r\000a\000\040\000d\000e\000l\000\040\000s\000i\000s\000t\000e\000m\000a}{chapter.7}% 29
\BOOKMARK [2][-]{subsection.7.2.1}{\376\377\000D\000i\000s\000e\000\361\000o\000\040\000d\000e\000\040\000a\000r\000q\000u\000i\000t\000e\000c\000t\000u\000r\000a\000\040\000D\000a\000t\000a\000\040\000L\000a\000k\000e\000h\000o\000u\000s\000e}{section.7.2}% 30
\BOOKMARK [1][-]{section.7.3}{\376\377\000C\000r\000e\000a\000c\000i\000\363\000n\000\040\000y\000\040\000c\000o\000n\000f\000i\000g\000u\000r\000a\000c\000i\000\363\000n\000\040\000d\000e\000\040\000i\000n\000s\000t\000a\000n\000c\000i\000a\000\040\000E\000C\0002\000\040\000e\000n\000\040\000A\000W\000S}{chapter.7}% 31
\BOOKMARK [2][-]{subsection.7.3.1}{\376\377\000C\000r\000e\000a\000c\000i\000\363\000n\000\040\000d\000e\000\040\000E\000C\0002}{section.7.3}% 32
\BOOKMARK [2][-]{subsection.7.3.2}{\376\377\000C\000o\000n\000f\000i\000g\000u\000r\000a\000c\000i\000\363\000n\000\040\000d\000e\000\040\000e\000n\000t\000o\000r\000n\000o\000\040\000C\000l\000o\000u\000d\000\040\000\050\000L\000i\000n\000u\000x\000\051}{section.7.3}% 33
\BOOKMARK [1][-]{section.7.4}{\376\377\000C\000r\000e\000a\000c\000i\000\363\000n\000\040\000d\000e\000\040\000s\000c\000r\000i\000p\000t\000s\000\040\000E\000T\000L\000\040\000d\000e\000\040\000d\000a\000t\000o\000s\000\040\000c\000o\000n\000\040\000A\000i\000r\000f\000l\000o\000w}{chapter.7}% 34
\BOOKMARK [2][-]{subsection.7.4.1}{\376\377\000S\000c\000r\000i\000p\000t\000s\000\040\000d\000e\000\040\000E\000x\000t\000r\000a\000c\000c\000i\000\363\000n\000\040\000a\000\040\000B\000r\000o\000n\000c\000e}{section.7.4}% 35
\BOOKMARK [2][-]{subsection.7.4.2}{\376\377\000I\000n\000g\000e\000s\000t\000a\000\040\000d\000e\000\040\000d\000a\000t\000o\000s\000\040\000d\000e\000l\000\040\000M\000o\000d\000e\000l\000o\000\040\000d\000e\000\040\000d\000a\000t\000o\000s\000\040\000B\000r\000o\000n\000c\000e\000\040\000a\000\040\000P\000l\000a\000t\000a\000\040\000c\000o\000n\000\040\000S\000Q\000L\000m\000e\000s\000h}{section.7.4}% 36
\BOOKMARK [2][-]{subsection.7.4.3}{\376\377\000C\000o\000n\000s\000t\000r\000u\000c\000c\000i\000\363\000n\000\040\000d\000e\000\040\000M\000o\000d\000e\000l\000o\000\040\000d\000i\000m\000e\000n\000s\000i\000o\000n\000a\000l\000\040\000y\000\040\000t\000a\000b\000l\000a\000s\000\040\000d\000e\000\040\000h\000e\000c\000h\000o\000s}{section.7.4}% 37
\BOOKMARK [1][-]{section.7.5}{\376\377\000C\000o\000n\000f\000i\000g\000u\000r\000a\000c\000i\000\363\000n\000\040\000d\000e\000\040\000E\000C\0002\000\040\000p\000a\000r\000a\000\040\000e\000x\000p\000o\000n\000e\000r\000\040\000d\000a\000t\000o\000s\000\040\000a\000\040\000P\000o\000w\000e\000r\000\040\000B\000I}{chapter.7}% 38
\BOOKMARK [2][-]{subsection.7.5.1}{\376\377\000C\000o\000n\000f\000i\000g\000u\000r\000a\000c\000i\000\363\000n\000\040\000d\000e\000\040\000E\000c\0002\000\040\000p\000a\000r\000a\000\040\000e\000x\000p\000o\000s\000i\000c\000i\000\363\000n\000\040\000d\000e\000\040\000d\000a\000t\000o\000s}{section.7.5}% 39
\BOOKMARK [2][-]{subsection.7.5.2}{\376\377\000C\000o\000n\000f\000i\000g\000u\000r\000a\000c\000i\000\363\000n\000\040\000d\000e\000\040\000P\000o\000w\000e\000r\000\040\000B\000I\000\040\000s\000e\000r\000v\000i\000c\000e}{section.7.5}% 40
\BOOKMARK [0][-]{chapter.8}{\376\377\000R\000e\000s\000u\000l\000t\000a\000d\000o\000s}{}% 41
\BOOKMARK [1][-]{section.8.1}{\376\377\000D\000a\000s\000h\000b\000o\000a\000r\000d\000s\000\040\000d\000e\000\040\000I\000n\000t\000e\000l\000i\000g\000e\000n\000c\000i\000a\000\040\000d\000e\000\040\000N\000e\000g\000o\000c\000i\000o\000s}{chapter.8}% 42
\BOOKMARK [0][-]{chapter.9}{\376\377\000A\000c\000t\000i\000v\000i\000d\000a\000d\000e\000s\000\040\000S\000o\000c\000i\000a\000l\000e\000s\000\040\000r\000e\000a\000l\000i\000z\000a\000d\000a\000s\000\040\000e\000n\000\040\000l\000a\000\040\000e\000m\000p\000r\000e\000s\000a\000\040\000u\000\040\000o\000r\000g\000a\000n\000i\000z\000a\000c\000i\000\363\000n}{}% 43
\BOOKMARK [0][-]{chapter.10}{\376\377\000C\000o\000n\000c\000l\000u\000s\000i\000o\000n\000e\000s\000,\000\040\000r\000e\000c\000o\000m\000e\000n\000d\000a\000c\000i\000o\000n\000e\000s\000\040\000y\000\040\000e\000x\000p\000e\000r\000i\000e\000n\000c\000i\000a\000\040\000p\000r\000o\000f\000e\000s\000i\000o\000n\000a\000l\000\040\000a\000d\000q\000u\000i\000r\000i\000d\000a}{}% 44
\BOOKMARK [0][-]{chapter.11}{\376\377\000C\000o\000m\000p\000e\000t\000e\000n\000c\000i\000a\000s\000\040\000d\000e\000s\000a\000r\000r\000o\000l\000l\000a\000d\000a\000s\000\040\000y\000/\000o\000\040\000a\000p\000l\000i\000c\000a\000d\000a\000s}{}% 45
\BOOKMARK [0][-]{appendix.Alph1}{\376\377\000A\000n\000e\000x\000o\000s}{}% 46
\BOOKMARK [1][-]{section.Alph1.1}{\376\377\000C\000a\000r\000t\000a\000\040\000d\000e\000\040\000a\000u\000t\000o\000r\000i\000z\000a\000c\000i\000\363\000n\000\040\000d\000e\000\040\000l\000a\000\040\000e\000m\000p\000r\000e\000s\000a}{appendix.Alph1}% 47
\BOOKMARK [0][-]{appendix.Alph2}{\376\377\000R\000e\000g\000i\000s\000t\000r\000o\000s\000\040\000d\000e\000\040\000P\000r\000o\000d\000u\000c\000t\000o\000s}{}% 48
